#! /opt/homebrew/Cellar/icarus-verilog/11.0/bin/vvp
:ivl_version "11.0 (stable)";
:ivl_delay_selection "TYPICAL";
:vpi_time_precision - 9;
:vpi_module "/opt/homebrew/Cellar/icarus-verilog/11.0/lib/ivl/system.vpi";
:vpi_module "/opt/homebrew/Cellar/icarus-verilog/11.0/lib/ivl/vhdl_sys.vpi";
:vpi_module "/opt/homebrew/Cellar/icarus-verilog/11.0/lib/ivl/vhdl_textio.vpi";
:vpi_module "/opt/homebrew/Cellar/icarus-verilog/11.0/lib/ivl/v2005_math.vpi";
:vpi_module "/opt/homebrew/Cellar/icarus-verilog/11.0/lib/ivl/va_math.vpi";
S_0x128e23540 .scope module, "accelerator_tb" "accelerator_tb" 2 6;
 .timescale -9 -9;
v0x600001d51560_1 .array/port v0x600001d51560, 1;
v0x600001d51710_0 .net "Q", 23 0, v0x600001d51560_1;  1 drivers
v0x600001d517a0_0 .net "Q_aligned", 29 0, v0x600001d4ff00_0;  1 drivers
v0x600001d51560_0 .array/port v0x600001d51560, 0;
v0x600001d51830_0 .net "R", 23 0, v0x600001d51560_0;  1 drivers
v0x600001d518c0_0 .net "R_aligned", 29 0, v0x600001d501b0_0;  1 drivers
v0x600001d51950_0 .var "clk", 0 0;
v0x600001d519e0_0 .var/i "i", 31 0;
v0x600001d51a70_0 .net "pe_mem1", 95 0, L_0x600001e40b40;  1 drivers
v0x600001d51b00_0 .net "pe_mem2", 95 0, L_0x600001e40be0;  1 drivers
v0x600001d51b90_0 .net "pe_mem3", 95 0, L_0x600001e40820;  1 drivers
v0x600001d51c20_0 .net "pe_mem4", 95 0, L_0x600001e408c0;  1 drivers
v0x600001d51cb0_0 .net "ready", 0 0, L_0x60000044b090;  1 drivers
v0x600001d51d40_0 .var "reset", 0 0;
S_0x128e2b0b0 .scope module, "a1" "BandedSWAccelerator" 2 35, 3 1 0, S_0x128e23540;
 .timescale -9 -9;
    .port_info 0 /INPUT 1 "clk";
    .port_info 1 /INPUT 1 "start";
    .port_info 2 /INPUT 24 "R";
    .port_info 3 /INPUT 24 "Q";
    .port_info 4 /OUTPUT 30 "R_aligned";
    .port_info 5 /OUTPUT 30 "Q_aligned";
    .port_info 6 /OUTPUT 1 "ready";
    .port_info 7 /OUTPUT 96 "pe_mem1";
    .port_info 8 /OUTPUT 96 "pe_mem2";
    .port_info 9 /OUTPUT 96 "pe_mem3";
    .port_info 10 /OUTPUT 96 "pe_mem4";
P_0x600000143900 .param/l "B" 0 3 1, +C4<00000000000000000000000000000100>;
P_0x600000143940 .param/l "L" 0 3 1, +C4<00000000000000000000000000001000>;
L_0x60000044b090 .functor BUFZ 1, v0x600001d514d0_0, C4<0>, C4<0>, C4<0>;
v0x600001d4fde0_0 .net "Q", 23 0, v0x600001d51560_1;  alias, 1 drivers
v0x600001d4fe70_0 .net "Q_SR", 11 0, v0x600001d4e520_0;  1 drivers
v0x600001d4ff00_0 .var "Q_aligned", 29 0;
v0x600001d50000_0 .net "Q_temp", 23 0, L_0x600001e40a00;  1 drivers
v0x600001d50090_0 .net "R", 23 0, v0x600001d51560_0;  alias, 1 drivers
v0x600001d50120_0 .net "R_SR", 11 0, v0x600001d4ec70_0;  1 drivers
v0x600001d501b0_0 .var "R_aligned", 29 0;
v0x600001d50240_0 .net "R_temp", 23 0, L_0x600001e40aa0;  1 drivers
L_0x130098910 .functor BUFT 1, C4<00000010>, C4<0>, C4<0>, C4<0>;
v0x600001d502d0_0 .net/2u *"_ivl_104", 7 0, L_0x130098910;  1 drivers
v0x600001d50360_0 .net "clk", 0 0, v0x600001d51950_0;  1 drivers
v0x600001d503f0_0 .var "count1", 7 0;
v0x600001d50480_0 .var "count2", 4 0;
v0x600001d50510_0 .var "count3", 4 0;
v0x600001d505a0_0 .var "ctr", 7 0;
v0x600001d50630_0 .var "dir_q", 0 0;
v0x600001d506c0_0 .var "dir_r", 0 0;
v0x600001d50750_0 .var "en_q", 0 0;
v0x600001d507e0_0 .var "en_r", 0 0;
v0x600001d50870_0 .net "finish", 0 0, v0x600001d4f960_0;  1 drivers
v0x600001d50900_0 .var "in_q", 2 0;
v0x600001d50990_0 .var "in_r", 2 0;
v0x600001d50a20_0 .net "out_pe", 11 0, L_0x600001e42760;  1 drivers
v0x600001d50ab0 .array "pe1_mem", 11 0, 7 0;
v0x600001d50b40 .array "pe2_mem", 11 0, 7 0;
v0x600001d50bd0 .array "pe3_mem", 11 0, 7 0;
v0x600001d50c60 .array "pe4_mem", 11 0, 7 0;
v0x600001d50cf0_0 .net "pe_mem1", 95 0, L_0x600001e40b40;  alias, 1 drivers
v0x600001d50d80_0 .net "pe_mem2", 95 0, L_0x600001e40be0;  alias, 1 drivers
v0x600001d50e10_0 .net "pe_mem3", 95 0, L_0x600001e40820;  alias, 1 drivers
v0x600001d50ea0_0 .net "pe_mem4", 95 0, L_0x600001e408c0;  alias, 1 drivers
v0x600001d50f30_0 .var "pe_valid", 0 0;
v0x600001d50fc0_0 .net "q_aligned", 2 0, v0x600001d4f9f0_0;  1 drivers
v0x600001d51050_0 .net "r_aligned", 2 0, v0x600001d4fa80_0;  1 drivers
v0x600001d510e0_0 .net "ready", 0 0, L_0x60000044b090;  alias, 1 drivers
v0x600001d51170_0 .net "req_addr", 7 0, v0x600001d4f840_0;  1 drivers
v0x600001d51200_0 .net "req_pe_id", 1 0, v0x600001d4fb10_0;  1 drivers
v0x600001d51290_0 .var "req_rel_pos", 7 0;
v0x600001d51320_0 .var "reset", 0 0;
v0x600001d513b0_0 .net "start", 0 0, v0x600001d51d40_0;  1 drivers
v0x600001d51440_0 .var "start_traceback", 0 0;
v0x600001d514d0_0 .var "stop_traceback", 0 0;
v0x600001d50ab0_0 .array/port v0x600001d50ab0, 0;
v0x600001d50ab0_1 .array/port v0x600001d50ab0, 1;
E_0x6000021647b0/0 .event edge, v0x600001d4fb10_0, v0x600001d4f840_0, v0x600001d50ab0_0, v0x600001d50ab0_1;
v0x600001d50ab0_2 .array/port v0x600001d50ab0, 2;
v0x600001d50ab0_3 .array/port v0x600001d50ab0, 3;
v0x600001d50ab0_4 .array/port v0x600001d50ab0, 4;
v0x600001d50ab0_5 .array/port v0x600001d50ab0, 5;
E_0x6000021647b0/1 .event edge, v0x600001d50ab0_2, v0x600001d50ab0_3, v0x600001d50ab0_4, v0x600001d50ab0_5;
v0x600001d50ab0_6 .array/port v0x600001d50ab0, 6;
v0x600001d50ab0_7 .array/port v0x600001d50ab0, 7;
v0x600001d50ab0_8 .array/port v0x600001d50ab0, 8;
v0x600001d50ab0_9 .array/port v0x600001d50ab0, 9;
E_0x6000021647b0/2 .event edge, v0x600001d50ab0_6, v0x600001d50ab0_7, v0x600001d50ab0_8, v0x600001d50ab0_9;
v0x600001d50ab0_10 .array/port v0x600001d50ab0, 10;
v0x600001d50ab0_11 .array/port v0x600001d50ab0, 11;
v0x600001d50b40_0 .array/port v0x600001d50b40, 0;
v0x600001d50b40_1 .array/port v0x600001d50b40, 1;
E_0x6000021647b0/3 .event edge, v0x600001d50ab0_10, v0x600001d50ab0_11, v0x600001d50b40_0, v0x600001d50b40_1;
v0x600001d50b40_2 .array/port v0x600001d50b40, 2;
v0x600001d50b40_3 .array/port v0x600001d50b40, 3;
v0x600001d50b40_4 .array/port v0x600001d50b40, 4;
v0x600001d50b40_5 .array/port v0x600001d50b40, 5;
E_0x6000021647b0/4 .event edge, v0x600001d50b40_2, v0x600001d50b40_3, v0x600001d50b40_4, v0x600001d50b40_5;
v0x600001d50b40_6 .array/port v0x600001d50b40, 6;
v0x600001d50b40_7 .array/port v0x600001d50b40, 7;
v0x600001d50b40_8 .array/port v0x600001d50b40, 8;
v0x600001d50b40_9 .array/port v0x600001d50b40, 9;
E_0x6000021647b0/5 .event edge, v0x600001d50b40_6, v0x600001d50b40_7, v0x600001d50b40_8, v0x600001d50b40_9;
v0x600001d50b40_10 .array/port v0x600001d50b40, 10;
v0x600001d50b40_11 .array/port v0x600001d50b40, 11;
v0x600001d50bd0_0 .array/port v0x600001d50bd0, 0;
v0x600001d50bd0_1 .array/port v0x600001d50bd0, 1;
E_0x6000021647b0/6 .event edge, v0x600001d50b40_10, v0x600001d50b40_11, v0x600001d50bd0_0, v0x600001d50bd0_1;
v0x600001d50bd0_2 .array/port v0x600001d50bd0, 2;
v0x600001d50bd0_3 .array/port v0x600001d50bd0, 3;
v0x600001d50bd0_4 .array/port v0x600001d50bd0, 4;
v0x600001d50bd0_5 .array/port v0x600001d50bd0, 5;
E_0x6000021647b0/7 .event edge, v0x600001d50bd0_2, v0x600001d50bd0_3, v0x600001d50bd0_4, v0x600001d50bd0_5;
v0x600001d50bd0_6 .array/port v0x600001d50bd0, 6;
v0x600001d50bd0_7 .array/port v0x600001d50bd0, 7;
v0x600001d50bd0_8 .array/port v0x600001d50bd0, 8;
v0x600001d50bd0_9 .array/port v0x600001d50bd0, 9;
E_0x6000021647b0/8 .event edge, v0x600001d50bd0_6, v0x600001d50bd0_7, v0x600001d50bd0_8, v0x600001d50bd0_9;
v0x600001d50bd0_10 .array/port v0x600001d50bd0, 10;
v0x600001d50bd0_11 .array/port v0x600001d50bd0, 11;
v0x600001d50c60_0 .array/port v0x600001d50c60, 0;
v0x600001d50c60_1 .array/port v0x600001d50c60, 1;
E_0x6000021647b0/9 .event edge, v0x600001d50bd0_10, v0x600001d50bd0_11, v0x600001d50c60_0, v0x600001d50c60_1;
v0x600001d50c60_2 .array/port v0x600001d50c60, 2;
v0x600001d50c60_3 .array/port v0x600001d50c60, 3;
v0x600001d50c60_4 .array/port v0x600001d50c60, 4;
v0x600001d50c60_5 .array/port v0x600001d50c60, 5;
E_0x6000021647b0/10 .event edge, v0x600001d50c60_2, v0x600001d50c60_3, v0x600001d50c60_4, v0x600001d50c60_5;
v0x600001d50c60_6 .array/port v0x600001d50c60, 6;
v0x600001d50c60_7 .array/port v0x600001d50c60, 7;
v0x600001d50c60_8 .array/port v0x600001d50c60, 8;
v0x600001d50c60_9 .array/port v0x600001d50c60, 9;
E_0x6000021647b0/11 .event edge, v0x600001d50c60_6, v0x600001d50c60_7, v0x600001d50c60_8, v0x600001d50c60_9;
v0x600001d50c60_10 .array/port v0x600001d50c60, 10;
v0x600001d50c60_11 .array/port v0x600001d50c60, 11;
E_0x6000021647b0/12 .event edge, v0x600001d50c60_10, v0x600001d50c60_11;
E_0x6000021647b0 .event/or E_0x6000021647b0/0, E_0x6000021647b0/1, E_0x6000021647b0/2, E_0x6000021647b0/3, E_0x6000021647b0/4, E_0x6000021647b0/5, E_0x6000021647b0/6, E_0x6000021647b0/7, E_0x6000021647b0/8, E_0x6000021647b0/9, E_0x6000021647b0/10, E_0x6000021647b0/11, E_0x6000021647b0/12;
LS_0x600001e40b40_0_0 .concat8 [ 8 8 8 8], v0x600001d50ab0_0, v0x600001d50ab0_1, v0x600001d50ab0_2, v0x600001d50ab0_3;
LS_0x600001e40b40_0_4 .concat8 [ 8 8 8 8], v0x600001d50ab0_4, v0x600001d50ab0_5, v0x600001d50ab0_6, v0x600001d50ab0_7;
LS_0x600001e40b40_0_8 .concat8 [ 8 8 8 8], v0x600001d50ab0_8, v0x600001d50ab0_9, v0x600001d50ab0_10, v0x600001d50ab0_11;
L_0x600001e40b40 .concat8 [ 32 32 32 0], LS_0x600001e40b40_0_0, LS_0x600001e40b40_0_4, LS_0x600001e40b40_0_8;
LS_0x600001e40be0_0_0 .concat8 [ 8 8 8 8], v0x600001d50b40_0, v0x600001d50b40_1, v0x600001d50b40_2, v0x600001d50b40_3;
LS_0x600001e40be0_0_4 .concat8 [ 8 8 8 8], v0x600001d50b40_4, v0x600001d50b40_5, v0x600001d50b40_6, v0x600001d50b40_7;
LS_0x600001e40be0_0_8 .concat8 [ 8 8 8 8], v0x600001d50b40_8, v0x600001d50b40_9, v0x600001d50b40_10, v0x600001d50b40_11;
L_0x600001e40be0 .concat8 [ 32 32 32 0], LS_0x600001e40be0_0_0, LS_0x600001e40be0_0_4, LS_0x600001e40be0_0_8;
LS_0x600001e40820_0_0 .concat8 [ 8 8 8 8], v0x600001d50bd0_0, v0x600001d50bd0_1, v0x600001d50bd0_2, v0x600001d50bd0_3;
LS_0x600001e40820_0_4 .concat8 [ 8 8 8 8], v0x600001d50bd0_4, v0x600001d50bd0_5, v0x600001d50bd0_6, v0x600001d50bd0_7;
LS_0x600001e40820_0_8 .concat8 [ 8 8 8 8], v0x600001d50bd0_8, v0x600001d50bd0_9, v0x600001d50bd0_10, v0x600001d50bd0_11;
L_0x600001e40820 .concat8 [ 32 32 32 0], LS_0x600001e40820_0_0, LS_0x600001e40820_0_4, LS_0x600001e40820_0_8;
LS_0x600001e408c0_0_0 .concat8 [ 8 8 8 8], v0x600001d50c60_0, v0x600001d50c60_1, v0x600001d50c60_2, v0x600001d50c60_3;
LS_0x600001e408c0_0_4 .concat8 [ 8 8 8 8], v0x600001d50c60_4, v0x600001d50c60_5, v0x600001d50c60_6, v0x600001d50c60_7;
LS_0x600001e408c0_0_8 .concat8 [ 8 8 8 8], v0x600001d50c60_8, v0x600001d50c60_9, v0x600001d50c60_10, v0x600001d50c60_11;
L_0x600001e408c0 .concat8 [ 32 32 32 0], LS_0x600001e408c0_0_0, LS_0x600001e408c0_0_4, LS_0x600001e408c0_0_8;
L_0x600001e40a00 .shift/l 24, v0x600001d51560_1, v0x600001d50480_0;
L_0x600001e40aa0 .shift/l 24, v0x600001d51560_0, v0x600001d50510_0;
L_0x600001e42620 .arith/sub 8, v0x600001d503f0_0, L_0x130098910;
S_0x128e0c160 .scope generate, "genblk1[0]" "genblk1[0]" 3 45, 3 45 0, S_0x128e2b0b0;
 .timescale -9 -9;
P_0x600003a5b900 .param/l "j" 0 3 45, +C4<00>;
v0x600001d47210_0 .net *"_ivl_11", 7 0, v0x600001d50c60_0;  1 drivers
v0x600001d472a0_0 .net *"_ivl_2", 7 0, v0x600001d50ab0_0;  1 drivers
v0x600001d47330_0 .net *"_ivl_5", 7 0, v0x600001d50b40_0;  1 drivers
v0x600001d473c0_0 .net *"_ivl_8", 7 0, v0x600001d50bd0_0;  1 drivers
S_0x128e0c2d0 .scope generate, "genblk1[1]" "genblk1[1]" 3 45, 3 45 0, S_0x128e2b0b0;
 .timescale -9 -9;
P_0x600003a5b980 .param/l "j" 0 3 45, +C4<01>;
v0x600001d47450_0 .net *"_ivl_11", 7 0, v0x600001d50c60_1;  1 drivers
v0x600001d474e0_0 .net *"_ivl_2", 7 0, v0x600001d50ab0_1;  1 drivers
v0x600001d47570_0 .net *"_ivl_5", 7 0, v0x600001d50b40_1;  1 drivers
v0x600001d47600_0 .net *"_ivl_8", 7 0, v0x600001d50bd0_1;  1 drivers
S_0x128e0a600 .scope generate, "genblk1[2]" "genblk1[2]" 3 45, 3 45 0, S_0x128e2b0b0;
 .timescale -9 -9;
P_0x600003a5ba00 .param/l "j" 0 3 45, +C4<010>;
v0x600001d47690_0 .net *"_ivl_11", 7 0, v0x600001d50c60_2;  1 drivers
v0x600001d47720_0 .net *"_ivl_2", 7 0, v0x600001d50ab0_2;  1 drivers
v0x600001d477b0_0 .net *"_ivl_5", 7 0, v0x600001d50b40_2;  1 drivers
v0x600001d47840_0 .net *"_ivl_8", 7 0, v0x600001d50bd0_2;  1 drivers
S_0x128e0a770 .scope generate, "genblk1[3]" "genblk1[3]" 3 45, 3 45 0, S_0x128e2b0b0;
 .timescale -9 -9;
P_0x600003a5ba80 .param/l "j" 0 3 45, +C4<011>;
v0x600001d478d0_0 .net *"_ivl_11", 7 0, v0x600001d50c60_3;  1 drivers
v0x600001d47960_0 .net *"_ivl_2", 7 0, v0x600001d50ab0_3;  1 drivers
v0x600001d479f0_0 .net *"_ivl_5", 7 0, v0x600001d50b40_3;  1 drivers
v0x600001d47a80_0 .net *"_ivl_8", 7 0, v0x600001d50bd0_3;  1 drivers
S_0x128e09b80 .scope generate, "genblk1[4]" "genblk1[4]" 3 45, 3 45 0, S_0x128e2b0b0;
 .timescale -9 -9;
P_0x600003a5bb40 .param/l "j" 0 3 45, +C4<0100>;
v0x600001d47b10_0 .net *"_ivl_11", 7 0, v0x600001d50c60_4;  1 drivers
v0x600001d47ba0_0 .net *"_ivl_2", 7 0, v0x600001d50ab0_4;  1 drivers
v0x600001d47c30_0 .net *"_ivl_5", 7 0, v0x600001d50b40_4;  1 drivers
v0x600001d47cc0_0 .net *"_ivl_8", 7 0, v0x600001d50bd0_4;  1 drivers
S_0x128e09cf0 .scope generate, "genblk1[5]" "genblk1[5]" 3 45, 3 45 0, S_0x128e2b0b0;
 .timescale -9 -9;
P_0x600003a5bbc0 .param/l "j" 0 3 45, +C4<0101>;
v0x600001d47d50_0 .net *"_ivl_11", 7 0, v0x600001d50c60_5;  1 drivers
v0x600001d47de0_0 .net *"_ivl_2", 7 0, v0x600001d50ab0_5;  1 drivers
v0x600001d47e70_0 .net *"_ivl_5", 7 0, v0x600001d50b40_5;  1 drivers
v0x600001d47f00_0 .net *"_ivl_8", 7 0, v0x600001d50bd0_5;  1 drivers
S_0x128e08980 .scope generate, "genblk1[6]" "genblk1[6]" 3 45, 3 45 0, S_0x128e2b0b0;
 .timescale -9 -9;
P_0x600003a5bc40 .param/l "j" 0 3 45, +C4<0110>;
v0x600001d48000_0 .net *"_ivl_11", 7 0, v0x600001d50c60_6;  1 drivers
v0x600001d48090_0 .net *"_ivl_2", 7 0, v0x600001d50ab0_6;  1 drivers
v0x600001d48120_0 .net *"_ivl_5", 7 0, v0x600001d50b40_6;  1 drivers
v0x600001d481b0_0 .net *"_ivl_8", 7 0, v0x600001d50bd0_6;  1 drivers
S_0x128e08af0 .scope generate, "genblk1[7]" "genblk1[7]" 3 45, 3 45 0, S_0x128e2b0b0;
 .timescale -9 -9;
P_0x600003a5bcc0 .param/l "j" 0 3 45, +C4<0111>;
v0x600001d48240_0 .net *"_ivl_11", 7 0, v0x600001d50c60_7;  1 drivers
v0x600001d482d0_0 .net *"_ivl_2", 7 0, v0x600001d50ab0_7;  1 drivers
v0x600001d48360_0 .net *"_ivl_5", 7 0, v0x600001d50b40_7;  1 drivers
v0x600001d483f0_0 .net *"_ivl_8", 7 0, v0x600001d50bd0_7;  1 drivers
S_0x128e071e0 .scope generate, "genblk1[8]" "genblk1[8]" 3 45, 3 45 0, S_0x128e2b0b0;
 .timescale -9 -9;
P_0x600003a5bb00 .param/l "j" 0 3 45, +C4<01000>;
v0x600001d48480_0 .net *"_ivl_11", 7 0, v0x600001d50c60_8;  1 drivers
v0x600001d48510_0 .net *"_ivl_2", 7 0, v0x600001d50ab0_8;  1 drivers
v0x600001d485a0_0 .net *"_ivl_5", 7 0, v0x600001d50b40_8;  1 drivers
v0x600001d48630_0 .net *"_ivl_8", 7 0, v0x600001d50bd0_8;  1 drivers
S_0x128e07350 .scope generate, "genblk1[9]" "genblk1[9]" 3 45, 3 45 0, S_0x128e2b0b0;
 .timescale -9 -9;
P_0x600003a5bd80 .param/l "j" 0 3 45, +C4<01001>;
v0x600001d486c0_0 .net *"_ivl_11", 7 0, v0x600001d50c60_9;  1 drivers
v0x600001d48750_0 .net *"_ivl_2", 7 0, v0x600001d50ab0_9;  1 drivers
v0x600001d487e0_0 .net *"_ivl_5", 7 0, v0x600001d50b40_9;  1 drivers
v0x600001d48870_0 .net *"_ivl_8", 7 0, v0x600001d50bd0_9;  1 drivers
S_0x128e045d0 .scope generate, "genblk1[10]" "genblk1[10]" 3 45, 3 45 0, S_0x128e2b0b0;
 .timescale -9 -9;
P_0x600003a5be00 .param/l "j" 0 3 45, +C4<01010>;
v0x600001d48900_0 .net *"_ivl_11", 7 0, v0x600001d50c60_10;  1 drivers
v0x600001d48990_0 .net *"_ivl_2", 7 0, v0x600001d50ab0_10;  1 drivers
v0x600001d48a20_0 .net *"_ivl_5", 7 0, v0x600001d50b40_10;  1 drivers
v0x600001d48ab0_0 .net *"_ivl_8", 7 0, v0x600001d50bd0_10;  1 drivers
S_0x128e04740 .scope generate, "genblk1[11]" "genblk1[11]" 3 45, 3 45 0, S_0x128e2b0b0;
 .timescale -9 -9;
P_0x600003a5be80 .param/l "j" 0 3 45, +C4<01011>;
v0x600001d48b40_0 .net *"_ivl_11", 7 0, v0x600001d50c60_11;  1 drivers
v0x600001d48bd0_0 .net *"_ivl_2", 7 0, v0x600001d50ab0_11;  1 drivers
v0x600001d48c60_0 .net *"_ivl_5", 7 0, v0x600001d50b40_11;  1 drivers
v0x600001d48cf0_0 .net *"_ivl_8", 7 0, v0x600001d50bd0_11;  1 drivers
S_0x128e04e70 .scope module, "pe_module" "pe_top" 3 204, 4 1 0, S_0x128e2b0b0;
 .timescale -9 -9;
    .port_info 0 /INPUT 8 "ctr";
    .port_info 1 /INPUT 12 "R";
    .port_info 2 /INPUT 12 "Q";
    .port_info 3 /INPUT 1 "clk";
    .port_info 4 /OUTPUT 12 "out_pe";
P_0x600000143c80 .param/l "B" 0 4 1, +C4<00000000000000000000000000000100>;
P_0x600000143cc0 .param/l "L" 0 4 1, +C4<00000000000000000000000000001000>;
v0x600001d4c1b0_0 .var "D", 1 0;
v0x600001d4c240_0 .net "Q", 11 0, v0x600001d4e520_0;  alias, 1 drivers
v0x600001d4c2d0_0 .net "R", 11 0, v0x600001d4ec70_0;  alias, 1 drivers
v0x600001d4c360_0 .net/s *"_ivl_0", 31 0, L_0x600001e40dc0;  1 drivers
v0x600001d4c3f0_0 .net/s *"_ivl_12", 31 0, L_0x600001e40fa0;  1 drivers
L_0x130098208 .functor BUFT 1, C4<00000000000000000000000000000001>, C4<0>, C4<0>, C4<0>;
v0x600001d4c480_0 .net/2s *"_ivl_14", 31 0, L_0x130098208;  1 drivers
v0x600001d4c510_0 .net *"_ivl_16", 0 0, L_0x600001e41040;  1 drivers
L_0x130098250 .functor BUFT 1, C4<00>, C4<0>, C4<0>, C4<0>;
v0x600001d4c5a0_0 .net/2u *"_ivl_18", 1 0, L_0x130098250;  1 drivers
L_0x130098130 .functor BUFT 1, C4<00000000000000000000000000000000>, C4<0>, C4<0>, C4<0>;
v0x600001d4c630_0 .net/2s *"_ivl_2", 31 0, L_0x130098130;  1 drivers
L_0x130098298 .functor BUFT 1, C4<01>, C4<0>, C4<0>, C4<0>;
v0x600001d4c6c0_0 .net/2u *"_ivl_20", 1 0, L_0x130098298;  1 drivers
v0x600001d4c750_0 .net/s *"_ivl_24", 31 0, L_0x600001e41180;  1 drivers
L_0x1300982e0 .functor BUFT 1, C4<00000000000000000000000000000010>, C4<0>, C4<0>, C4<0>;
v0x600001d4c7e0_0 .net/2s *"_ivl_26", 31 0, L_0x1300982e0;  1 drivers
v0x600001d4c870_0 .net *"_ivl_28", 0 0, L_0x600001e41220;  1 drivers
L_0x130098328 .functor BUFT 1, C4<00>, C4<0>, C4<0>, C4<0>;
v0x600001d4c900_0 .net/2u *"_ivl_30", 1 0, L_0x130098328;  1 drivers
L_0x130098370 .functor BUFT 1, C4<01>, C4<0>, C4<0>, C4<0>;
v0x600001d4c990_0 .net/2u *"_ivl_32", 1 0, L_0x130098370;  1 drivers
v0x600001d4ca20_0 .net/s *"_ivl_36", 31 0, L_0x600001e41360;  1 drivers
L_0x1300983b8 .functor BUFT 1, C4<00000000000000000000000000000011>, C4<0>, C4<0>, C4<0>;
v0x600001d4cab0_0 .net/2s *"_ivl_38", 31 0, L_0x1300983b8;  1 drivers
v0x600001d4cb40_0 .net *"_ivl_4", 0 0, L_0x600001e40e60;  1 drivers
v0x600001d4cbd0_0 .net *"_ivl_40", 0 0, L_0x600001e41400;  1 drivers
L_0x130098400 .functor BUFT 1, C4<00>, C4<0>, C4<0>, C4<0>;
v0x600001d4cc60_0 .net/2u *"_ivl_42", 1 0, L_0x130098400;  1 drivers
L_0x130098448 .functor BUFT 1, C4<01>, C4<0>, C4<0>, C4<0>;
v0x600001d4ccf0_0 .net/2u *"_ivl_44", 1 0, L_0x130098448;  1 drivers
L_0x130098178 .functor BUFT 1, C4<00>, C4<0>, C4<0>, C4<0>;
v0x600001d4cd80_0 .net/2u *"_ivl_6", 1 0, L_0x130098178;  1 drivers
L_0x1300981c0 .functor BUFT 1, C4<01>, C4<0>, C4<0>, C4<0>;
v0x600001d4ce10_0 .net/2u *"_ivl_8", 1 0, L_0x1300981c0;  1 drivers
v0x600001d4cea0_0 .net "clk", 0 0, v0x600001d51950_0;  alias, 1 drivers
v0x600001d4cf30_0 .net "ctr", 7 0, L_0x600001e42620;  1 drivers
v0x600001d4cfc0_0 .net "out_pe", 11 0, L_0x600001e42760;  alias, 1 drivers
v0x600001d4d050_0 .net "pe1_curr", 7 0, v0x600001d49560_0;  1 drivers
v0x600001d4d0e0_0 .var "pe1_in1", 7 0;
v0x600001d4d170_0 .var "pe1_in2", 7 0;
v0x600001d4d200_0 .var "pe1_in3", 7 0;
v0x600001d4d290_0 .net "pe1_prev", 7 0, v0x600001d495f0_0;  1 drivers
v0x600001d4d320_0 .net "pe2_curr", 7 0, v0x600001d4a250_0;  1 drivers
v0x600001d4d3b0_0 .var "pe2_in1", 7 0;
v0x600001d4d440_0 .var "pe2_in2", 7 0;
v0x600001d4d4d0_0 .var "pe2_in3", 7 0;
v0x600001d4d560_0 .net "pe2_prev", 7 0, v0x600001d4a2e0_0;  1 drivers
v0x600001d4d5f0_0 .net "pe3_curr", 7 0, v0x600001d4af40_0;  1 drivers
v0x600001d4d680_0 .var "pe3_in1", 7 0;
v0x600001d4d710_0 .var "pe3_in2", 7 0;
v0x600001d4d7a0_0 .var "pe3_in3", 7 0;
v0x600001d4d830_0 .net "pe3_prev", 7 0, v0x600001d4afd0_0;  1 drivers
v0x600001d4d8c0_0 .net "pe4_curr", 7 0, v0x600001d4bc30_0;  1 drivers
v0x600001d4d950_0 .var "pe4_in1", 7 0;
v0x600001d4d9e0_0 .var "pe4_in2", 7 0;
v0x600001d4da70_0 .var "pe4_in3", 7 0;
v0x600001d4db00_0 .net "pe4_prev", 7 0, v0x600001d4bcc0_0;  1 drivers
v0x600001d4db90_0 .var "pos1", 2 0;
v0x600001d4dc20_0 .var "pos2", 2 0;
v0x600001d4dcb0_0 .var "pos3", 2 0;
v0x600001d4dd40_0 .var "r", 1 0;
v0x600001d4ddd0_0 .net "reset1", 1 0, L_0x600001e40f00;  1 drivers
v0x600001d4de60_0 .net "reset2", 1 0, L_0x600001e410e0;  1 drivers
v0x600001d4def0_0 .net "reset3", 1 0, L_0x600001e412c0;  1 drivers
v0x600001d4df80_0 .net "reset4", 1 0, L_0x600001e414a0;  1 drivers
E_0x600002164240/0 .event edge, v0x600001d4dd40_0, v0x600001d49560_0, v0x600001d4a250_0, v0x600001d495f0_0;
E_0x600002164240/1 .event edge, v0x600001d4af40_0, v0x600001d4a2e0_0, v0x600001d4c1b0_0, v0x600001d4bc30_0;
E_0x600002164240/2 .event edge, v0x600001d4afd0_0, v0x600001d4bcc0_0;
E_0x600002164240 .event/or E_0x600002164240/0, E_0x600002164240/1, E_0x600002164240/2;
E_0x600002164270 .event edge, v0x600001d4cf30_0;
L_0x600001e40dc0 .extend/s 32, L_0x600001e42620;
L_0x600001e40e60 .cmp/gt.s 32, L_0x130098130, L_0x600001e40dc0;
L_0x600001e40f00 .functor MUXZ 2, L_0x1300981c0, L_0x130098178, L_0x600001e40e60, C4<>;
L_0x600001e40fa0 .extend/s 32, L_0x600001e42620;
L_0x600001e41040 .cmp/gt.s 32, L_0x130098208, L_0x600001e40fa0;
L_0x600001e410e0 .functor MUXZ 2, L_0x130098298, L_0x130098250, L_0x600001e41040, C4<>;
L_0x600001e41180 .extend/s 32, L_0x600001e42620;
L_0x600001e41220 .cmp/gt.s 32, L_0x1300982e0, L_0x600001e41180;
L_0x600001e412c0 .functor MUXZ 2, L_0x130098370, L_0x130098328, L_0x600001e41220, C4<>;
L_0x600001e41360 .extend/s 32, L_0x600001e42620;
L_0x600001e41400 .cmp/gt.s 32, L_0x1300983b8, L_0x600001e41360;
L_0x600001e414a0 .functor MUXZ 2, L_0x130098448, L_0x130098400, L_0x600001e41400, C4<>;
L_0x600001e41860 .part v0x600001d4ec70_0, 0, 3;
L_0x600001e41900 .part v0x600001d4e520_0, 0, 3;
L_0x600001e41cc0 .part v0x600001d4ec70_0, 3, 3;
L_0x600001e41d60 .part v0x600001d4e520_0, 3, 3;
L_0x600001e42120 .part v0x600001d4ec70_0, 6, 3;
L_0x600001e421c0 .part v0x600001d4e520_0, 6, 3;
L_0x600001e42580 .part v0x600001d4ec70_0, 9, 3;
L_0x600001e426c0 .part v0x600001d4e520_0, 9, 3;
L_0x600001e42760 .concat8 [ 3 3 3 3], v0x600001d49680_0, v0x600001d4a370_0, v0x600001d4b060_0, v0x600001d4bd50_0;
S_0x128e04fe0 .scope module, "pe_unit1" "pe_unit" 4 187, 5 1 0, S_0x128e04e70;
 .timescale -9 -9;
    .port_info 0 /INPUT 8 "in1";
    .port_info 1 /INPUT 8 "in2";
    .port_info 2 /INPUT 8 "in3";
    .port_info 3 /INPUT 3 "ri";
    .port_info 4 /INPUT 3 "qi";
    .port_info 5 /INPUT 3 "re_pos_1";
    .port_info 6 /INPUT 3 "re_pos_2";
    .port_info 7 /INPUT 3 "re_pos_3";
    .port_info 8 /INPUT 1 "clk";
    .port_info 9 /INPUT 2 "reset";
    .port_info 10 /OUTPUT 8 "out_current";
    .port_info 11 /OUTPUT 8 "out_prev";
    .port_info 12 /OUTPUT 3 "out_re_pos";
L_0x130098490 .functor BUFT 1, C4<00000001>, C4<0>, C4<0>, C4<0>;
v0x600001d48d80_0 .net/2u *"_ivl_0", 7 0, L_0x130098490;  1 drivers
L_0x130098520 .functor BUFT 1, C4<00000010>, C4<0>, C4<0>, C4<0>;
v0x600001d48e10_0 .net/2u *"_ivl_10", 7 0, L_0x130098520;  1 drivers
L_0x130098568 .functor BUFT 1, C4<11111111>, C4<0>, C4<0>, C4<0>;
v0x600001d48ea0_0 .net/2u *"_ivl_12", 7 0, L_0x130098568;  1 drivers
v0x600001d48f30_0 .net *"_ivl_14", 7 0, L_0x600001e41720;  1 drivers
L_0x1300984d8 .functor BUFT 1, C4<00000001>, C4<0>, C4<0>, C4<0>;
v0x600001d48fc0_0 .net/2u *"_ivl_4", 7 0, L_0x1300984d8;  1 drivers
v0x600001d49050_0 .net *"_ivl_8", 0 0, L_0x600001e41680;  1 drivers
v0x600001d490e0_0 .net "a", 7 0, L_0x600001e41540;  1 drivers
v0x600001d49170_0 .net "b", 7 0, L_0x600001e415e0;  1 drivers
v0x600001d49200_0 .net "c", 7 0, L_0x600001e417c0;  1 drivers
v0x600001d49290_0 .net "clk", 0 0, v0x600001d51950_0;  alias, 1 drivers
v0x600001d49320_0 .net "in1", 7 0, v0x600001d4d0e0_0;  1 drivers
v0x600001d493b0_0 .net "in2", 7 0, v0x600001d4d170_0;  1 drivers
v0x600001d49440_0 .net "in3", 7 0, v0x600001d4d200_0;  1 drivers
v0x600001d494d0_0 .var "max", 7 0;
v0x600001d49560_0 .var "out_current", 7 0;
v0x600001d495f0_0 .var "out_prev", 7 0;
v0x600001d49680_0 .var "out_re_pos", 2 0;
v0x600001d49710_0 .net "qi", 2 0, L_0x600001e41900;  1 drivers
v0x600001d497a0_0 .net "re_pos_1", 2 0, v0x600001d4db90_0;  1 drivers
v0x600001d49830_0 .net "re_pos_2", 2 0, v0x600001d4dc20_0;  1 drivers
v0x600001d498c0_0 .net "re_pos_3", 2 0, v0x600001d4dcb0_0;  1 drivers
v0x600001d49950_0 .net "reset", 1 0, L_0x600001e40f00;  alias, 1 drivers
v0x600001d499e0_0 .net "ri", 2 0, L_0x600001e41860;  1 drivers
E_0x600002164bd0 .event posedge, v0x600001d49290_0;
E_0x600002164b40/0 .event edge, v0x600001d490e0_0, v0x600001d49170_0, v0x600001d49200_0, v0x600001d497a0_0;
E_0x600002164b40/1 .event edge, v0x600001d49830_0, v0x600001d498c0_0;
E_0x600002164b40 .event/or E_0x600002164b40/0, E_0x600002164b40/1;
L_0x600001e41540 .arith/sub 8, v0x600001d4d0e0_0, L_0x130098490;
L_0x600001e415e0 .arith/sub 8, v0x600001d4d170_0, L_0x1300984d8;
L_0x600001e41680 .cmp/eq 3, L_0x600001e41860, L_0x600001e41900;
L_0x600001e41720 .functor MUXZ 8, L_0x130098568, L_0x130098520, L_0x600001e41680, C4<>;
L_0x600001e417c0 .arith/sum 8, v0x600001d4d200_0, L_0x600001e41720;
S_0x128e29c40 .scope module, "pe_unit2" "pe_unit" 4 195, 5 1 0, S_0x128e04e70;
 .timescale -9 -9;
    .port_info 0 /INPUT 8 "in1";
    .port_info 1 /INPUT 8 "in2";
    .port_info 2 /INPUT 8 "in3";
    .port_info 3 /INPUT 3 "ri";
    .port_info 4 /INPUT 3 "qi";
    .port_info 5 /INPUT 3 "re_pos_1";
    .port_info 6 /INPUT 3 "re_pos_2";
    .port_info 7 /INPUT 3 "re_pos_3";
    .port_info 8 /INPUT 1 "clk";
    .port_info 9 /INPUT 2 "reset";
    .port_info 10 /OUTPUT 8 "out_current";
    .port_info 11 /OUTPUT 8 "out_prev";
    .port_info 12 /OUTPUT 3 "out_re_pos";
L_0x1300985b0 .functor BUFT 1, C4<00000001>, C4<0>, C4<0>, C4<0>;
v0x600001d49a70_0 .net/2u *"_ivl_0", 7 0, L_0x1300985b0;  1 drivers
L_0x130098640 .functor BUFT 1, C4<00000010>, C4<0>, C4<0>, C4<0>;
v0x600001d49b00_0 .net/2u *"_ivl_10", 7 0, L_0x130098640;  1 drivers
L_0x130098688 .functor BUFT 1, C4<11111111>, C4<0>, C4<0>, C4<0>;
v0x600001d49b90_0 .net/2u *"_ivl_12", 7 0, L_0x130098688;  1 drivers
v0x600001d49c20_0 .net *"_ivl_14", 7 0, L_0x600001e41b80;  1 drivers
L_0x1300985f8 .functor BUFT 1, C4<00000001>, C4<0>, C4<0>, C4<0>;
v0x600001d49cb0_0 .net/2u *"_ivl_4", 7 0, L_0x1300985f8;  1 drivers
v0x600001d49d40_0 .net *"_ivl_8", 0 0, L_0x600001e41ae0;  1 drivers
v0x600001d49dd0_0 .net "a", 7 0, L_0x600001e419a0;  1 drivers
v0x600001d49e60_0 .net "b", 7 0, L_0x600001e41a40;  1 drivers
v0x600001d49ef0_0 .net "c", 7 0, L_0x600001e41c20;  1 drivers
v0x600001d49f80_0 .net "clk", 0 0, v0x600001d51950_0;  alias, 1 drivers
v0x600001d4a010_0 .net "in1", 7 0, v0x600001d4d3b0_0;  1 drivers
v0x600001d4a0a0_0 .net "in2", 7 0, v0x600001d4d440_0;  1 drivers
v0x600001d4a130_0 .net "in3", 7 0, v0x600001d4d4d0_0;  1 drivers
v0x600001d4a1c0_0 .var "max", 7 0;
v0x600001d4a250_0 .var "out_current", 7 0;
v0x600001d4a2e0_0 .var "out_prev", 7 0;
v0x600001d4a370_0 .var "out_re_pos", 2 0;
v0x600001d4a400_0 .net "qi", 2 0, L_0x600001e41d60;  1 drivers
v0x600001d4a490_0 .net "re_pos_1", 2 0, v0x600001d4db90_0;  alias, 1 drivers
v0x600001d4a520_0 .net "re_pos_2", 2 0, v0x600001d4dc20_0;  alias, 1 drivers
v0x600001d4a5b0_0 .net "re_pos_3", 2 0, v0x600001d4dcb0_0;  alias, 1 drivers
v0x600001d4a640_0 .net "reset", 1 0, L_0x600001e410e0;  alias, 1 drivers
v0x600001d4a6d0_0 .net "ri", 2 0, L_0x600001e41cc0;  1 drivers
E_0x600002164810/0 .event edge, v0x600001d49dd0_0, v0x600001d49e60_0, v0x600001d49ef0_0, v0x600001d497a0_0;
E_0x600002164810/1 .event edge, v0x600001d49830_0, v0x600001d498c0_0;
E_0x600002164810 .event/or E_0x600002164810/0, E_0x600002164810/1;
L_0x600001e419a0 .arith/sub 8, v0x600001d4d3b0_0, L_0x1300985b0;
L_0x600001e41a40 .arith/sub 8, v0x600001d4d440_0, L_0x1300985f8;
L_0x600001e41ae0 .cmp/eq 3, L_0x600001e41cc0, L_0x600001e41d60;
L_0x600001e41b80 .functor MUXZ 8, L_0x130098688, L_0x130098640, L_0x600001e41ae0, C4<>;
L_0x600001e41c20 .arith/sum 8, v0x600001d4d4d0_0, L_0x600001e41b80;
S_0x128e28d30 .scope module, "pe_unit3" "pe_unit" 4 203, 5 1 0, S_0x128e04e70;
 .timescale -9 -9;
    .port_info 0 /INPUT 8 "in1";
    .port_info 1 /INPUT 8 "in2";
    .port_info 2 /INPUT 8 "in3";
    .port_info 3 /INPUT 3 "ri";
    .port_info 4 /INPUT 3 "qi";
    .port_info 5 /INPUT 3 "re_pos_1";
    .port_info 6 /INPUT 3 "re_pos_2";
    .port_info 7 /INPUT 3 "re_pos_3";
    .port_info 8 /INPUT 1 "clk";
    .port_info 9 /INPUT 2 "reset";
    .port_info 10 /OUTPUT 8 "out_current";
    .port_info 11 /OUTPUT 8 "out_prev";
    .port_info 12 /OUTPUT 3 "out_re_pos";
L_0x1300986d0 .functor BUFT 1, C4<00000001>, C4<0>, C4<0>, C4<0>;
v0x600001d4a760_0 .net/2u *"_ivl_0", 7 0, L_0x1300986d0;  1 drivers
L_0x130098760 .functor BUFT 1, C4<00000010>, C4<0>, C4<0>, C4<0>;
v0x600001d4a7f0_0 .net/2u *"_ivl_10", 7 0, L_0x130098760;  1 drivers
L_0x1300987a8 .functor BUFT 1, C4<11111111>, C4<0>, C4<0>, C4<0>;
v0x600001d4a880_0 .net/2u *"_ivl_12", 7 0, L_0x1300987a8;  1 drivers
v0x600001d4a910_0 .net *"_ivl_14", 7 0, L_0x600001e41fe0;  1 drivers
L_0x130098718 .functor BUFT 1, C4<00000001>, C4<0>, C4<0>, C4<0>;
v0x600001d4a9a0_0 .net/2u *"_ivl_4", 7 0, L_0x130098718;  1 drivers
v0x600001d4aa30_0 .net *"_ivl_8", 0 0, L_0x600001e41f40;  1 drivers
v0x600001d4aac0_0 .net "a", 7 0, L_0x600001e41e00;  1 drivers
v0x600001d4ab50_0 .net "b", 7 0, L_0x600001e41ea0;  1 drivers
v0x600001d4abe0_0 .net "c", 7 0, L_0x600001e42080;  1 drivers
v0x600001d4ac70_0 .net "clk", 0 0, v0x600001d51950_0;  alias, 1 drivers
v0x600001d4ad00_0 .net "in1", 7 0, v0x600001d4d680_0;  1 drivers
v0x600001d4ad90_0 .net "in2", 7 0, v0x600001d4d710_0;  1 drivers
v0x600001d4ae20_0 .net "in3", 7 0, v0x600001d4d7a0_0;  1 drivers
v0x600001d4aeb0_0 .var "max", 7 0;
v0x600001d4af40_0 .var "out_current", 7 0;
v0x600001d4afd0_0 .var "out_prev", 7 0;
v0x600001d4b060_0 .var "out_re_pos", 2 0;
v0x600001d4b0f0_0 .net "qi", 2 0, L_0x600001e421c0;  1 drivers
v0x600001d4b180_0 .net "re_pos_1", 2 0, v0x600001d4db90_0;  alias, 1 drivers
v0x600001d4b210_0 .net "re_pos_2", 2 0, v0x600001d4dc20_0;  alias, 1 drivers
v0x600001d4b2a0_0 .net "re_pos_3", 2 0, v0x600001d4dcb0_0;  alias, 1 drivers
v0x600001d4b330_0 .net "reset", 1 0, L_0x600001e412c0;  alias, 1 drivers
v0x600001d4b3c0_0 .net "ri", 2 0, L_0x600001e42120;  1 drivers
E_0x600002164210/0 .event edge, v0x600001d4aac0_0, v0x600001d4ab50_0, v0x600001d4abe0_0, v0x600001d497a0_0;
E_0x600002164210/1 .event edge, v0x600001d49830_0, v0x600001d498c0_0;
E_0x600002164210 .event/or E_0x600002164210/0, E_0x600002164210/1;
L_0x600001e41e00 .arith/sub 8, v0x600001d4d680_0, L_0x1300986d0;
L_0x600001e41ea0 .arith/sub 8, v0x600001d4d710_0, L_0x130098718;
L_0x600001e41f40 .cmp/eq 3, L_0x600001e42120, L_0x600001e421c0;
L_0x600001e41fe0 .functor MUXZ 8, L_0x1300987a8, L_0x130098760, L_0x600001e41f40, C4<>;
L_0x600001e42080 .arith/sum 8, v0x600001d4d7a0_0, L_0x600001e41fe0;
S_0x128e27e20 .scope module, "pe_unit4" "pe_unit" 4 211, 5 1 0, S_0x128e04e70;
 .timescale -9 -9;
    .port_info 0 /INPUT 8 "in1";
    .port_info 1 /INPUT 8 "in2";
    .port_info 2 /INPUT 8 "in3";
    .port_info 3 /INPUT 3 "ri";
    .port_info 4 /INPUT 3 "qi";
    .port_info 5 /INPUT 3 "re_pos_1";
    .port_info 6 /INPUT 3 "re_pos_2";
    .port_info 7 /INPUT 3 "re_pos_3";
    .port_info 8 /INPUT 1 "clk";
    .port_info 9 /INPUT 2 "reset";
    .port_info 10 /OUTPUT 8 "out_current";
    .port_info 11 /OUTPUT 8 "out_prev";
    .port_info 12 /OUTPUT 3 "out_re_pos";
L_0x1300987f0 .functor BUFT 1, C4<00000001>, C4<0>, C4<0>, C4<0>;
v0x600001d4b450_0 .net/2u *"_ivl_0", 7 0, L_0x1300987f0;  1 drivers
L_0x130098880 .functor BUFT 1, C4<00000010>, C4<0>, C4<0>, C4<0>;
v0x600001d4b4e0_0 .net/2u *"_ivl_10", 7 0, L_0x130098880;  1 drivers
L_0x1300988c8 .functor BUFT 1, C4<11111111>, C4<0>, C4<0>, C4<0>;
v0x600001d4b570_0 .net/2u *"_ivl_12", 7 0, L_0x1300988c8;  1 drivers
v0x600001d4b600_0 .net *"_ivl_14", 7 0, L_0x600001e42440;  1 drivers
L_0x130098838 .functor BUFT 1, C4<00000001>, C4<0>, C4<0>, C4<0>;
v0x600001d4b690_0 .net/2u *"_ivl_4", 7 0, L_0x130098838;  1 drivers
v0x600001d4b720_0 .net *"_ivl_8", 0 0, L_0x600001e423a0;  1 drivers
v0x600001d4b7b0_0 .net "a", 7 0, L_0x600001e42260;  1 drivers
v0x600001d4b840_0 .net "b", 7 0, L_0x600001e42300;  1 drivers
v0x600001d4b8d0_0 .net "c", 7 0, L_0x600001e424e0;  1 drivers
v0x600001d4b960_0 .net "clk", 0 0, v0x600001d51950_0;  alias, 1 drivers
v0x600001d4b9f0_0 .net "in1", 7 0, v0x600001d4d950_0;  1 drivers
v0x600001d4ba80_0 .net "in2", 7 0, v0x600001d4d9e0_0;  1 drivers
v0x600001d4bb10_0 .net "in3", 7 0, v0x600001d4da70_0;  1 drivers
v0x600001d4bba0_0 .var "max", 7 0;
v0x600001d4bc30_0 .var "out_current", 7 0;
v0x600001d4bcc0_0 .var "out_prev", 7 0;
v0x600001d4bd50_0 .var "out_re_pos", 2 0;
v0x600001d4bde0_0 .net "qi", 2 0, L_0x600001e426c0;  1 drivers
v0x600001d4be70_0 .net "re_pos_1", 2 0, v0x600001d4db90_0;  alias, 1 drivers
v0x600001d4bf00_0 .net "re_pos_2", 2 0, v0x600001d4dc20_0;  alias, 1 drivers
v0x600001d4c000_0 .net "re_pos_3", 2 0, v0x600001d4dcb0_0;  alias, 1 drivers
v0x600001d4c090_0 .net "reset", 1 0, L_0x600001e414a0;  alias, 1 drivers
v0x600001d4c120_0 .net "ri", 2 0, L_0x600001e42580;  1 drivers
E_0x6000021646f0/0 .event edge, v0x600001d4b7b0_0, v0x600001d4b840_0, v0x600001d4b8d0_0, v0x600001d497a0_0;
E_0x6000021646f0/1 .event edge, v0x600001d49830_0, v0x600001d498c0_0;
E_0x6000021646f0 .event/or E_0x6000021646f0/0, E_0x6000021646f0/1;
L_0x600001e42260 .arith/sub 8, v0x600001d4d950_0, L_0x1300987f0;
L_0x600001e42300 .arith/sub 8, v0x600001d4d9e0_0, L_0x130098838;
L_0x600001e423a0 .cmp/eq 3, L_0x600001e42580, L_0x600001e426c0;
L_0x600001e42440 .functor MUXZ 8, L_0x1300988c8, L_0x130098880, L_0x600001e423a0, C4<>;
L_0x600001e424e0 .arith/sum 8, v0x600001d4da70_0, L_0x600001e42440;
S_0x128e2b3e0 .scope module, "q_shift" "shift_reg" 3 203, 6 1 0, S_0x128e2b0b0;
 .timescale -9 -9;
    .port_info 0 /INPUT 3 "in";
    .port_info 1 /INPUT 1 "clk";
    .port_info 2 /INPUT 1 "en";
    .port_info 3 /INPUT 1 "dir";
    .port_info 4 /INPUT 1 "reset";
    .port_info 5 /OUTPUT 12 "out";
L_0x1300980e8 .functor BUFT 1, C4<000>, C4<0>, C4<0>, C4<0>;
v0x600001d4e0a0_0 .net *"_ivl_10", 2 0, L_0x1300980e8;  1 drivers
v0x600001d4e130_0 .net *"_ivl_2", 8 0, L_0x600001e40460;  1 drivers
L_0x1300980a0 .functor BUFT 1, C4<000>, C4<0>, C4<0>, C4<0>;
v0x600001d4e1c0_0 .net *"_ivl_4", 2 0, L_0x1300980a0;  1 drivers
v0x600001d4e250_0 .net *"_ivl_8", 8 0, L_0x600001e40c80;  1 drivers
v0x600001d4e2e0_0 .net "clk", 0 0, v0x600001d51950_0;  alias, 1 drivers
v0x600001d4e370_0 .net "dir", 0 0, v0x600001d50630_0;  1 drivers
v0x600001d4e400_0 .net "en", 0 0, v0x600001d50750_0;  1 drivers
v0x600001d4e490_0 .net "in", 2 0, v0x600001d50900_0;  1 drivers
v0x600001d4e520_0 .var "out", 11 0;
o0x1300628f0 .functor BUFZ 1, C4<z>; HiZ drive
v0x600001d4e5b0_0 .net "reset", 0 0, o0x1300628f0;  0 drivers
v0x600001d4e640_0 .net "temp1", 11 0, L_0x600001e40320;  1 drivers
v0x600001d4e6d0_0 .net "temp2", 11 0, L_0x600001e40d20;  1 drivers
L_0x600001e40460 .part v0x600001d4e520_0, 0, 9;
L_0x600001e40320 .concat [ 3 9 0 0], L_0x1300980a0, L_0x600001e40460;
L_0x600001e40c80 .part v0x600001d4e520_0, 3, 9;
L_0x600001e40d20 .concat [ 9 3 0 0], L_0x600001e40c80, L_0x1300980e8;
S_0x128e2b550 .scope module, "r_shift" "shift_reg" 3 202, 6 1 0, S_0x128e2b0b0;
 .timescale -9 -9;
    .port_info 0 /INPUT 3 "in";
    .port_info 1 /INPUT 1 "clk";
    .port_info 2 /INPUT 1 "en";
    .port_info 3 /INPUT 1 "dir";
    .port_info 4 /INPUT 1 "reset";
    .port_info 5 /OUTPUT 12 "out";
L_0x130098058 .functor BUFT 1, C4<000>, C4<0>, C4<0>, C4<0>;
v0x600001d4e7f0_0 .net *"_ivl_10", 2 0, L_0x130098058;  1 drivers
v0x600001d4e880_0 .net *"_ivl_2", 8 0, L_0x600001e40780;  1 drivers
L_0x130098010 .functor BUFT 1, C4<000>, C4<0>, C4<0>, C4<0>;
v0x600001d4e910_0 .net *"_ivl_4", 2 0, L_0x130098010;  1 drivers
v0x600001d4e9a0_0 .net *"_ivl_8", 8 0, L_0x600001e400a0;  1 drivers
v0x600001d4ea30_0 .net "clk", 0 0, v0x600001d51950_0;  alias, 1 drivers
v0x600001d4eac0_0 .net "dir", 0 0, v0x600001d506c0_0;  1 drivers
v0x600001d4eb50_0 .net "en", 0 0, v0x600001d507e0_0;  1 drivers
v0x600001d4ebe0_0 .net "in", 2 0, v0x600001d50990_0;  1 drivers
v0x600001d4ec70_0 .var "out", 11 0;
o0x130062bf0 .functor BUFZ 1, C4<z>; HiZ drive
v0x600001d4ed00_0 .net "reset", 0 0, o0x130062bf0;  0 drivers
v0x600001d4ed90_0 .net "temp1", 11 0, L_0x600001e40000;  1 drivers
v0x600001d4ee20_0 .net "temp2", 11 0, L_0x600001e405a0;  1 drivers
L_0x600001e40780 .part v0x600001d4ec70_0, 0, 9;
L_0x600001e40000 .concat [ 3 9 0 0], L_0x130098010, L_0x600001e40780;
L_0x600001e400a0 .part v0x600001d4ec70_0, 3, 9;
L_0x600001e405a0 .concat [ 9 3 0 0], L_0x600001e400a0, L_0x130098058;
S_0x128e2b6c0 .scope module, "traceback" "tbmodule" 3 206, 7 7 0, S_0x128e2b0b0;
 .timescale -9 -9;
    .port_info 0 /INPUT 24 "R_sub";
    .port_info 1 /INPUT 24 "Q_sub";
    .port_info 2 /INPUT 1 "clk";
    .port_info 3 /INPUT 1 "start_traceback";
    .port_info 4 /OUTPUT 2 "pe_id";
    .port_info 5 /OUTPUT 8 "addr";
    .port_info 6 /INPUT 8 "rel_pos";
    .port_info 7 /OUTPUT 3 "out_r";
    .port_info 8 /OUTPUT 3 "out_q";
    .port_info 9 /OUTPUT 1 "finish";
P_0x600000144080 .param/l "B" 0 7 7, +C4<00000000000000000000000000000100>;
P_0x6000001440c0 .param/l "L" 0 7 7, +C4<00000000000000000000000000001000>;
v0x600001d4eeb0_0 .net "Q_sub", 23 0, v0x600001d51560_1;  alias, 1 drivers
v0x600001d4ef40_0 .net "Q_sub_temp", 23 0, L_0x600001e42c60;  1 drivers
v0x600001d4efd0_0 .net "R_sub", 23 0, v0x600001d51560_0;  alias, 1 drivers
v0x600001d4f060_0 .net "R_sub_temp", 23 0, L_0x600001e429e0;  1 drivers
L_0x130098958 .functor BUFT 1, C4<00000000000000000000000000000111>, C4<0>, C4<0>, C4<0>;
v0x600001d4f0f0_0 .net/2u *"_ivl_0", 31 0, L_0x130098958;  1 drivers
v0x600001d4f180_0 .net *"_ivl_11", 31 0, L_0x600001e42940;  1 drivers
L_0x130098a30 .functor BUFT 1, C4<00000000000000000000000000000111>, C4<0>, C4<0>, C4<0>;
v0x600001d4f210_0 .net/2u *"_ivl_14", 31 0, L_0x130098a30;  1 drivers
v0x600001d4f2a0_0 .net *"_ivl_16", 31 0, L_0x600001e42a80;  1 drivers
L_0x130098a78 .functor BUFT 1, C4<00000000000000000000000000000>, C4<0>, C4<0>, C4<0>;
v0x600001d4f330_0 .net *"_ivl_19", 28 0, L_0x130098a78;  1 drivers
v0x600001d4f3c0_0 .net *"_ivl_2", 31 0, L_0x600001e42800;  1 drivers
v0x600001d4f450_0 .net *"_ivl_20", 31 0, L_0x600001e42b20;  1 drivers
L_0x130098ac0 .functor BUFT 1, C4<00000000000000000000000000000011>, C4<0>, C4<0>, C4<0>;
v0x600001d4f4e0_0 .net/2u *"_ivl_22", 31 0, L_0x130098ac0;  1 drivers
v0x600001d4f570_0 .net *"_ivl_25", 31 0, L_0x600001e42bc0;  1 drivers
L_0x1300989a0 .functor BUFT 1, C4<00000000000000000000000000000>, C4<0>, C4<0>, C4<0>;
v0x600001d4f600_0 .net *"_ivl_5", 28 0, L_0x1300989a0;  1 drivers
v0x600001d4f690_0 .net *"_ivl_6", 31 0, L_0x600001e428a0;  1 drivers
L_0x1300989e8 .functor BUFT 1, C4<00000000000000000000000000000011>, C4<0>, C4<0>, C4<0>;
v0x600001d4f720_0 .net/2u *"_ivl_8", 31 0, L_0x1300989e8;  1 drivers
v0x600001d4f7b0_0 .var "activated", 0 0;
v0x600001d4f840_0 .var "addr", 7 0;
v0x600001d4f8d0_0 .net "clk", 0 0, v0x600001d51950_0;  alias, 1 drivers
v0x600001d4f960_0 .var "finish", 0 0;
v0x600001d4f9f0_0 .var "out_q", 2 0;
v0x600001d4fa80_0 .var "out_r", 2 0;
v0x600001d4fb10_0 .var "pe_id", 1 0;
v0x600001d4fba0_0 .var "q_ctr", 2 0;
v0x600001d4fc30_0 .var "r_ctr", 2 0;
v0x600001d4fcc0_0 .net "rel_pos", 7 0, v0x600001d51290_0;  1 drivers
v0x600001d4fd50_0 .net "start_traceback", 0 0, v0x600001d51440_0;  1 drivers
L_0x600001e42800 .concat [ 3 29 0 0], v0x600001d4fc30_0, L_0x1300989a0;
L_0x600001e428a0 .arith/sub 32, L_0x130098958, L_0x600001e42800;
L_0x600001e42940 .arith/mult 32, L_0x600001e428a0, L_0x1300989e8;
L_0x600001e429e0 .shift/r 24, v0x600001d51560_0, L_0x600001e42940;
L_0x600001e42a80 .concat [ 3 29 0 0], v0x600001d4fba0_0, L_0x130098a78;
L_0x600001e42b20 .arith/sub 32, L_0x130098a30, L_0x600001e42a80;
L_0x600001e42bc0 .arith/mult 32, L_0x600001e42b20, L_0x130098ac0;
L_0x600001e42c60 .shift/r 24, v0x600001d51560_1, L_0x600001e42bc0;
S_0x128e2cbf0 .scope module, "u2" "xmem" 2 51, 8 6 0, S_0x128e23540;
 .timescale -9 -9;
    .port_info 0 /OUTPUT 24 "xdata1";
    .port_info 1 /OUTPUT 24 "xdata2";
v0x600001d51560 .array "mem", 1023 0, 23 0;
v0x600001d515f0_0 .net "xdata1", 23 0, v0x600001d51560_0;  alias, 1 drivers
v0x600001d51680_0 .net "xdata2", 23 0, v0x600001d51560_1;  alias, 1 drivers
    .scope S_0x128e2b550;
T_0 ;
    %pushi/vec4 0, 0, 12;
    %store/vec4 v0x600001d4ec70_0, 0, 12;
    %end;
    .thread T_0;
    .scope S_0x128e2b550;
T_1 ;
    %wait E_0x600002164bd0;
    %load/vec4 v0x600001d4ed00_0;
    %flag_set/vec4 8;
    %jmp/0xz  T_1.0, 8;
    %pushi/vec4 0, 0, 12;
    %assign/vec4 v0x600001d4ec70_0, 0;
    %jmp T_1.1;
T_1.0 ;
    %load/vec4 v0x600001d4eb50_0;
    %flag_set/vec4 8;
    %jmp/0xz  T_1.2, 8;
    %load/vec4 v0x600001d4eac0_0;
    %flag_set/vec4 8;
    %jmp/0xz  T_1.4, 8;
    %load/vec4 v0x600001d4ed90_0;
    %parti/s 9, 3, 3;
    %load/vec4 v0x600001d4ebe0_0;
    %concat/vec4; draw_concat_vec4
    %assign/vec4 v0x600001d4ec70_0, 0;
    %jmp T_1.5;
T_1.4 ;
    %load/vec4 v0x600001d4ebe0_0;
    %load/vec4 v0x600001d4ee20_0;
    %parti/s 9, 0, 2;
    %concat/vec4; draw_concat_vec4
    %assign/vec4 v0x600001d4ec70_0, 0;
T_1.5 ;
    %jmp T_1.3;
T_1.2 ;
    %load/vec4 v0x600001d4ec70_0;
    %assign/vec4 v0x600001d4ec70_0, 0;
T_1.3 ;
T_1.1 ;
    %jmp T_1;
    .thread T_1;
    .scope S_0x128e2b3e0;
T_2 ;
    %pushi/vec4 0, 0, 12;
    %store/vec4 v0x600001d4e520_0, 0, 12;
    %end;
    .thread T_2;
    .scope S_0x128e2b3e0;
T_3 ;
    %wait E_0x600002164bd0;
    %load/vec4 v0x600001d4e5b0_0;
    %flag_set/vec4 8;
    %jmp/0xz  T_3.0, 8;
    %pushi/vec4 0, 0, 12;
    %assign/vec4 v0x600001d4e520_0, 0;
    %jmp T_3.1;
T_3.0 ;
    %load/vec4 v0x600001d4e400_0;
    %flag_set/vec4 8;
    %jmp/0xz  T_3.2, 8;
    %load/vec4 v0x600001d4e370_0;
    %flag_set/vec4 8;
    %jmp/0xz  T_3.4, 8;
    %load/vec4 v0x600001d4e640_0;
    %parti/s 9, 3, 3;
    %load/vec4 v0x600001d4e490_0;
    %concat/vec4; draw_concat_vec4
    %assign/vec4 v0x600001d4e520_0, 0;
    %jmp T_3.5;
T_3.4 ;
    %load/vec4 v0x600001d4e490_0;
    %load/vec4 v0x600001d4e6d0_0;
    %parti/s 9, 0, 2;
    %concat/vec4; draw_concat_vec4
    %assign/vec4 v0x600001d4e520_0, 0;
T_3.5 ;
    %jmp T_3.3;
T_3.2 ;
    %load/vec4 v0x600001d4e520_0;
    %assign/vec4 v0x600001d4e520_0, 0;
T_3.3 ;
T_3.1 ;
    %jmp T_3;
    .thread T_3;
    .scope S_0x128e04fe0;
T_4 ;
    %wait E_0x600002164b40;
    %load/vec4 v0x600001d49170_0;
    %load/vec4 v0x600001d490e0_0;
    %cmp/s;
    %flag_get/vec4 4;
    %flag_get/vec4 5;
    %or;
    %load/vec4 v0x600001d49200_0;
    %load/vec4 v0x600001d490e0_0;
    %cmp/s;
    %flag_get/vec4 4;
    %flag_get/vec4 5;
    %or;
    %and;
    %pushi/vec4 0, 0, 32;
    %load/vec4 v0x600001d490e0_0;
    %pad/s 32;
    %cmp/s;
    %flag_get/vec4 4;
    %flag_get/vec4 5;
    %or;
    %and;
    %flag_set/vec4 8;
    %jmp/0xz  T_4.0, 8;
    %load/vec4 v0x600001d490e0_0;
    %store/vec4 v0x600001d494d0_0, 0, 8;
    %load/vec4 v0x600001d497a0_0;
    %store/vec4 v0x600001d49680_0, 0, 3;
    %jmp T_4.1;
T_4.0 ;
    %load/vec4 v0x600001d49200_0;
    %load/vec4 v0x600001d49170_0;
    %cmp/s;
    %flag_get/vec4 4;
    %flag_get/vec4 5;
    %or;
    %pushi/vec4 0, 0, 32;
    %load/vec4 v0x600001d49170_0;
    %pad/s 32;
    %cmp/s;
    %flag_get/vec4 4;
    %flag_get/vec4 5;
    %or;
    %and;
    %flag_set/vec4 8;
    %jmp/0xz  T_4.2, 8;
    %load/vec4 v0x600001d49170_0;
    %store/vec4 v0x600001d494d0_0, 0, 8;
    %load/vec4 v0x600001d49830_0;
    %store/vec4 v0x600001d49680_0, 0, 3;
    %jmp T_4.3;
T_4.2 ;
    %load/vec4 v0x600001d49200_0;
    %pad/s 32;
    %cmpi/s 0, 0, 32;
    %flag_inv 5; GE is !LT
    %jmp/0xz  T_4.4, 5;
    %load/vec4 v0x600001d49200_0;
    %store/vec4 v0x600001d494d0_0, 0, 8;
    %load/vec4 v0x600001d498c0_0;
    %store/vec4 v0x600001d49680_0, 0, 3;
    %jmp T_4.5;
T_4.4 ;
    %pushi/vec4 0, 0, 8;
    %store/vec4 v0x600001d494d0_0, 0, 8;
    %pushi/vec4 7, 0, 3;
    %store/vec4 v0x600001d49680_0, 0, 3;
T_4.5 ;
T_4.3 ;
T_4.1 ;
    %jmp T_4;
    .thread T_4, $push;
    .scope S_0x128e04fe0;
T_5 ;
    %wait E_0x600002164bd0;
    %load/vec4 v0x600001d49950_0;
    %pad/u 32;
    %cmpi/e 0, 0, 32;
    %jmp/0xz  T_5.0, 4;
    %pushi/vec4 0, 0, 8;
    %assign/vec4 v0x600001d49560_0, 0;
    %pushi/vec4 0, 0, 8;
    %assign/vec4 v0x600001d495f0_0, 0;
    %jmp T_5.1;
T_5.0 ;
    %load/vec4 v0x600001d49560_0;
    %assign/vec4 v0x600001d495f0_0, 0;
    %load/vec4 v0x600001d494d0_0;
    %assign/vec4 v0x600001d49560_0, 0;
T_5.1 ;
    %jmp T_5;
    .thread T_5;
    .scope S_0x128e29c40;
T_6 ;
    %wait E_0x600002164810;
    %load/vec4 v0x600001d49e60_0;
    %load/vec4 v0x600001d49dd0_0;
    %cmp/s;
    %flag_get/vec4 4;
    %flag_get/vec4 5;
    %or;
    %load/vec4 v0x600001d49ef0_0;
    %load/vec4 v0x600001d49dd0_0;
    %cmp/s;
    %flag_get/vec4 4;
    %flag_get/vec4 5;
    %or;
    %and;
    %pushi/vec4 0, 0, 32;
    %load/vec4 v0x600001d49dd0_0;
    %pad/s 32;
    %cmp/s;
    %flag_get/vec4 4;
    %flag_get/vec4 5;
    %or;
    %and;
    %flag_set/vec4 8;
    %jmp/0xz  T_6.0, 8;
    %load/vec4 v0x600001d49dd0_0;
    %store/vec4 v0x600001d4a1c0_0, 0, 8;
    %load/vec4 v0x600001d4a490_0;
    %store/vec4 v0x600001d4a370_0, 0, 3;
    %jmp T_6.1;
T_6.0 ;
    %load/vec4 v0x600001d49ef0_0;
    %load/vec4 v0x600001d49e60_0;
    %cmp/s;
    %flag_get/vec4 4;
    %flag_get/vec4 5;
    %or;
    %pushi/vec4 0, 0, 32;
    %load/vec4 v0x600001d49e60_0;
    %pad/s 32;
    %cmp/s;
    %flag_get/vec4 4;
    %flag_get/vec4 5;
    %or;
    %and;
    %flag_set/vec4 8;
    %jmp/0xz  T_6.2, 8;
    %load/vec4 v0x600001d49e60_0;
    %store/vec4 v0x600001d4a1c0_0, 0, 8;
    %load/vec4 v0x600001d4a520_0;
    %store/vec4 v0x600001d4a370_0, 0, 3;
    %jmp T_6.3;
T_6.2 ;
    %load/vec4 v0x600001d49ef0_0;
    %pad/s 32;
    %cmpi/s 0, 0, 32;
    %flag_inv 5; GE is !LT
    %jmp/0xz  T_6.4, 5;
    %load/vec4 v0x600001d49ef0_0;
    %store/vec4 v0x600001d4a1c0_0, 0, 8;
    %load/vec4 v0x600001d4a5b0_0;
    %store/vec4 v0x600001d4a370_0, 0, 3;
    %jmp T_6.5;
T_6.4 ;
    %pushi/vec4 0, 0, 8;
    %store/vec4 v0x600001d4a1c0_0, 0, 8;
    %pushi/vec4 7, 0, 3;
    %store/vec4 v0x600001d4a370_0, 0, 3;
T_6.5 ;
T_6.3 ;
T_6.1 ;
    %jmp T_6;
    .thread T_6, $push;
    .scope S_0x128e29c40;
T_7 ;
    %wait E_0x600002164bd0;
    %load/vec4 v0x600001d4a640_0;
    %pad/u 32;
    %cmpi/e 0, 0, 32;
    %jmp/0xz  T_7.0, 4;
    %pushi/vec4 0, 0, 8;
    %assign/vec4 v0x600001d4a250_0, 0;
    %pushi/vec4 0, 0, 8;
    %assign/vec4 v0x600001d4a2e0_0, 0;
    %jmp T_7.1;
T_7.0 ;
    %load/vec4 v0x600001d4a250_0;
    %assign/vec4 v0x600001d4a2e0_0, 0;
    %load/vec4 v0x600001d4a1c0_0;
    %assign/vec4 v0x600001d4a250_0, 0;
T_7.1 ;
    %jmp T_7;
    .thread T_7;
    .scope S_0x128e28d30;
T_8 ;
    %wait E_0x600002164210;
    %load/vec4 v0x600001d4ab50_0;
    %load/vec4 v0x600001d4aac0_0;
    %cmp/s;
    %flag_get/vec4 4;
    %flag_get/vec4 5;
    %or;
    %load/vec4 v0x600001d4abe0_0;
    %load/vec4 v0x600001d4aac0_0;
    %cmp/s;
    %flag_get/vec4 4;
    %flag_get/vec4 5;
    %or;
    %and;
    %pushi/vec4 0, 0, 32;
    %load/vec4 v0x600001d4aac0_0;
    %pad/s 32;
    %cmp/s;
    %flag_get/vec4 4;
    %flag_get/vec4 5;
    %or;
    %and;
    %flag_set/vec4 8;
    %jmp/0xz  T_8.0, 8;
    %load/vec4 v0x600001d4aac0_0;
    %store/vec4 v0x600001d4aeb0_0, 0, 8;
    %load/vec4 v0x600001d4b180_0;
    %store/vec4 v0x600001d4b060_0, 0, 3;
    %jmp T_8.1;
T_8.0 ;
    %load/vec4 v0x600001d4abe0_0;
    %load/vec4 v0x600001d4ab50_0;
    %cmp/s;
    %flag_get/vec4 4;
    %flag_get/vec4 5;
    %or;
    %pushi/vec4 0, 0, 32;
    %load/vec4 v0x600001d4ab50_0;
    %pad/s 32;
    %cmp/s;
    %flag_get/vec4 4;
    %flag_get/vec4 5;
    %or;
    %and;
    %flag_set/vec4 8;
    %jmp/0xz  T_8.2, 8;
    %load/vec4 v0x600001d4ab50_0;
    %store/vec4 v0x600001d4aeb0_0, 0, 8;
    %load/vec4 v0x600001d4b210_0;
    %store/vec4 v0x600001d4b060_0, 0, 3;
    %jmp T_8.3;
T_8.2 ;
    %load/vec4 v0x600001d4abe0_0;
    %pad/s 32;
    %cmpi/s 0, 0, 32;
    %flag_inv 5; GE is !LT
    %jmp/0xz  T_8.4, 5;
    %load/vec4 v0x600001d4abe0_0;
    %store/vec4 v0x600001d4aeb0_0, 0, 8;
    %load/vec4 v0x600001d4b2a0_0;
    %store/vec4 v0x600001d4b060_0, 0, 3;
    %jmp T_8.5;
T_8.4 ;
    %pushi/vec4 0, 0, 8;
    %store/vec4 v0x600001d4aeb0_0, 0, 8;
    %pushi/vec4 7, 0, 3;
    %store/vec4 v0x600001d4b060_0, 0, 3;
T_8.5 ;
T_8.3 ;
T_8.1 ;
    %jmp T_8;
    .thread T_8, $push;
    .scope S_0x128e28d30;
T_9 ;
    %wait E_0x600002164bd0;
    %load/vec4 v0x600001d4b330_0;
    %pad/u 32;
    %cmpi/e 0, 0, 32;
    %jmp/0xz  T_9.0, 4;
    %pushi/vec4 0, 0, 8;
    %assign/vec4 v0x600001d4af40_0, 0;
    %pushi/vec4 0, 0, 8;
    %assign/vec4 v0x600001d4afd0_0, 0;
    %jmp T_9.1;
T_9.0 ;
    %load/vec4 v0x600001d4af40_0;
    %assign/vec4 v0x600001d4afd0_0, 0;
    %load/vec4 v0x600001d4aeb0_0;
    %assign/vec4 v0x600001d4af40_0, 0;
T_9.1 ;
    %jmp T_9;
    .thread T_9;
    .scope S_0x128e27e20;
T_10 ;
    %wait E_0x6000021646f0;
    %load/vec4 v0x600001d4b840_0;
    %load/vec4 v0x600001d4b7b0_0;
    %cmp/s;
    %flag_get/vec4 4;
    %flag_get/vec4 5;
    %or;
    %load/vec4 v0x600001d4b8d0_0;
    %load/vec4 v0x600001d4b7b0_0;
    %cmp/s;
    %flag_get/vec4 4;
    %flag_get/vec4 5;
    %or;
    %and;
    %pushi/vec4 0, 0, 32;
    %load/vec4 v0x600001d4b7b0_0;
    %pad/s 32;
    %cmp/s;
    %flag_get/vec4 4;
    %flag_get/vec4 5;
    %or;
    %and;
    %flag_set/vec4 8;
    %jmp/0xz  T_10.0, 8;
    %load/vec4 v0x600001d4b7b0_0;
    %store/vec4 v0x600001d4bba0_0, 0, 8;
    %load/vec4 v0x600001d4be70_0;
    %store/vec4 v0x600001d4bd50_0, 0, 3;
    %jmp T_10.1;
T_10.0 ;
    %load/vec4 v0x600001d4b8d0_0;
    %load/vec4 v0x600001d4b840_0;
    %cmp/s;
    %flag_get/vec4 4;
    %flag_get/vec4 5;
    %or;
    %pushi/vec4 0, 0, 32;
    %load/vec4 v0x600001d4b840_0;
    %pad/s 32;
    %cmp/s;
    %flag_get/vec4 4;
    %flag_get/vec4 5;
    %or;
    %and;
    %flag_set/vec4 8;
    %jmp/0xz  T_10.2, 8;
    %load/vec4 v0x600001d4b840_0;
    %store/vec4 v0x600001d4bba0_0, 0, 8;
    %load/vec4 v0x600001d4bf00_0;
    %store/vec4 v0x600001d4bd50_0, 0, 3;
    %jmp T_10.3;
T_10.2 ;
    %load/vec4 v0x600001d4b8d0_0;
    %pad/s 32;
    %cmpi/s 0, 0, 32;
    %flag_inv 5; GE is !LT
    %jmp/0xz  T_10.4, 5;
    %load/vec4 v0x600001d4b8d0_0;
    %store/vec4 v0x600001d4bba0_0, 0, 8;
    %load/vec4 v0x600001d4c000_0;
    %store/vec4 v0x600001d4bd50_0, 0, 3;
    %jmp T_10.5;
T_10.4 ;
    %pushi/vec4 0, 0, 8;
    %store/vec4 v0x600001d4bba0_0, 0, 8;
    %pushi/vec4 7, 0, 3;
    %store/vec4 v0x600001d4bd50_0, 0, 3;
T_10.5 ;
T_10.3 ;
T_10.1 ;
    %jmp T_10;
    .thread T_10, $push;
    .scope S_0x128e27e20;
T_11 ;
    %wait E_0x600002164bd0;
    %load/vec4 v0x600001d4c090_0;
    %pad/u 32;
    %cmpi/e 0, 0, 32;
    %jmp/0xz  T_11.0, 4;
    %pushi/vec4 0, 0, 8;
    %assign/vec4 v0x600001d4bc30_0, 0;
    %pushi/vec4 0, 0, 8;
    %assign/vec4 v0x600001d4bcc0_0, 0;
    %jmp T_11.1;
T_11.0 ;
    %load/vec4 v0x600001d4bc30_0;
    %assign/vec4 v0x600001d4bcc0_0, 0;
    %load/vec4 v0x600001d4bba0_0;
    %assign/vec4 v0x600001d4bc30_0, 0;
T_11.1 ;
    %jmp T_11;
    .thread T_11;
    .scope S_0x128e04e70;
T_12 ;
    %wait E_0x600002164270;
    %load/vec4 v0x600001d4cf30_0;
    %pad/u 32;
    %cmpi/u 4, 0, 32;
    %flag_get/vec4 5;
    %pushi/vec4 0, 0, 32;
    %load/vec4 v0x600001d4cf30_0;
    %pad/u 32;
    %cmp/u;
    %flag_get/vec4 4;
    %flag_get/vec4 5;
    %or;
    %and;
    %flag_set/vec4 8;
    %jmp/0xz  T_12.0, 8;
    %pushi/vec4 1, 0, 2;
    %store/vec4 v0x600001d4dd40_0, 0, 2;
    %pushi/vec4 1, 0, 2;
    %store/vec4 v0x600001d4c1b0_0, 0, 2;
    %jmp T_12.1;
T_12.0 ;
    %load/vec4 v0x600001d4cf30_0;
    %pad/u 32;
    %cmpi/u 12, 0, 32;
    %flag_get/vec4 5;
    %pushi/vec4 0, 0, 32;
    %load/vec4 v0x600001d4cf30_0;
    %pad/u 32;
    %cmp/u;
    %flag_get/vec4 5;
    %and;
    %flag_set/vec4 8;
    %jmp/0xz  T_12.2, 8;
    %pushi/vec4 2, 0, 2;
    %store/vec4 v0x600001d4dd40_0, 0, 2;
    %load/vec4 v0x600001d4cf30_0;
    %pad/u 32;
    %pushi/vec4 2, 0, 32;
    %mod;
    %cmpi/e 0, 0, 32;
    %jmp/0xz  T_12.4, 4;
    %pushi/vec4 3, 0, 2;
    %store/vec4 v0x600001d4c1b0_0, 0, 2;
    %jmp T_12.5;
T_12.4 ;
    %pushi/vec4 2, 0, 2;
    %store/vec4 v0x600001d4c1b0_0, 0, 2;
T_12.5 ;
    %jmp T_12.3;
T_12.2 ;
    %load/vec4 v0x600001d4cf30_0;
    %pad/u 32;
    %cmpi/u 12, 0, 32;
    %flag_inv 5; GE is !LT
    %jmp/0xz  T_12.6, 5;
    %pushi/vec4 3, 0, 2;
    %store/vec4 v0x600001d4dd40_0, 0, 2;
    %pushi/vec4 1, 0, 2;
    %store/vec4 v0x600001d4c1b0_0, 0, 2;
    %jmp T_12.7;
T_12.6 ;
    %pushi/vec4 0, 0, 2;
    %store/vec4 v0x600001d4dd40_0, 0, 2;
T_12.7 ;
T_12.3 ;
T_12.1 ;
    %jmp T_12;
    .thread T_12, $push;
    .scope S_0x128e04e70;
T_13 ;
    %wait E_0x600002164240;
    %load/vec4 v0x600001d4dd40_0;
    %dup/vec4;
    %pushi/vec4 1, 0, 2;
    %cmp/u;
    %jmp/1 T_13.0, 6;
    %dup/vec4;
    %pushi/vec4 2, 0, 2;
    %cmp/u;
    %jmp/1 T_13.1, 6;
    %dup/vec4;
    %pushi/vec4 3, 0, 2;
    %cmp/u;
    %jmp/1 T_13.2, 6;
    %pushi/vec4 0, 0, 8;
    %store/vec4 v0x600001d4d0e0_0, 0, 8;
    %pushi/vec4 0, 0, 8;
    %store/vec4 v0x600001d4d170_0, 0, 8;
    %pushi/vec4 0, 0, 8;
    %store/vec4 v0x600001d4d200_0, 0, 8;
    %pushi/vec4 0, 0, 8;
    %store/vec4 v0x600001d4d3b0_0, 0, 8;
    %pushi/vec4 0, 0, 8;
    %store/vec4 v0x600001d4d440_0, 0, 8;
    %pushi/vec4 0, 0, 8;
    %store/vec4 v0x600001d4d4d0_0, 0, 8;
    %pushi/vec4 0, 0, 8;
    %store/vec4 v0x600001d4d680_0, 0, 8;
    %pushi/vec4 0, 0, 8;
    %store/vec4 v0x600001d4d710_0, 0, 8;
    %pushi/vec4 0, 0, 8;
    %store/vec4 v0x600001d4d7a0_0, 0, 8;
    %pushi/vec4 0, 0, 8;
    %store/vec4 v0x600001d4d950_0, 0, 8;
    %pushi/vec4 0, 0, 8;
    %store/vec4 v0x600001d4d9e0_0, 0, 8;
    %pushi/vec4 0, 0, 8;
    %store/vec4 v0x600001d4da70_0, 0, 8;
    %pushi/vec4 7, 0, 3;
    %store/vec4 v0x600001d4db90_0, 0, 3;
    %pushi/vec4 7, 0, 3;
    %store/vec4 v0x600001d4dc20_0, 0, 3;
    %pushi/vec4 7, 0, 3;
    %store/vec4 v0x600001d4dcb0_0, 0, 3;
    %jmp T_13.4;
T_13.0 ;
    %pushi/vec4 0, 0, 8;
    %store/vec4 v0x600001d4d0e0_0, 0, 8;
    %load/vec4 v0x600001d4d050_0;
    %store/vec4 v0x600001d4d170_0, 0, 8;
    %pushi/vec4 0, 0, 8;
    %store/vec4 v0x600001d4d200_0, 0, 8;
    %load/vec4 v0x600001d4d050_0;
    %store/vec4 v0x600001d4d3b0_0, 0, 8;
    %load/vec4 v0x600001d4d320_0;
    %store/vec4 v0x600001d4d440_0, 0, 8;
    %load/vec4 v0x600001d4d290_0;
    %store/vec4 v0x600001d4d4d0_0, 0, 8;
    %load/vec4 v0x600001d4d320_0;
    %store/vec4 v0x600001d4d680_0, 0, 8;
    %load/vec4 v0x600001d4d5f0_0;
    %store/vec4 v0x600001d4d710_0, 0, 8;
    %load/vec4 v0x600001d4d560_0;
    %store/vec4 v0x600001d4d7a0_0, 0, 8;
    %load/vec4 v0x600001d4d5f0_0;
    %store/vec4 v0x600001d4d950_0, 0, 8;
    %pushi/vec4 0, 0, 8;
    %store/vec4 v0x600001d4d9e0_0, 0, 8;
    %pushi/vec4 0, 0, 8;
    %store/vec4 v0x600001d4da70_0, 0, 8;
    %pushi/vec4 1, 0, 3;
    %store/vec4 v0x600001d4db90_0, 0, 3;
    %pushi/vec4 2, 0, 3;
    %store/vec4 v0x600001d4dc20_0, 0, 3;
    %pushi/vec4 3, 0, 3;
    %store/vec4 v0x600001d4dcb0_0, 0, 3;
    %jmp T_13.4;
T_13.1 ;
    %load/vec4 v0x600001d4c1b0_0;
    %cmpi/e 3, 0, 2;
    %jmp/0xz  T_13.5, 4;
    %load/vec4 v0x600001d4d050_0;
    %store/vec4 v0x600001d4d0e0_0, 0, 8;
    %load/vec4 v0x600001d4d320_0;
    %store/vec4 v0x600001d4d170_0, 0, 8;
    %load/vec4 v0x600001d4d290_0;
    %store/vec4 v0x600001d4d200_0, 0, 8;
    %load/vec4 v0x600001d4d320_0;
    %store/vec4 v0x600001d4d3b0_0, 0, 8;
    %load/vec4 v0x600001d4d5f0_0;
    %store/vec4 v0x600001d4d440_0, 0, 8;
    %load/vec4 v0x600001d4d560_0;
    %store/vec4 v0x600001d4d4d0_0, 0, 8;
    %load/vec4 v0x600001d4d5f0_0;
    %store/vec4 v0x600001d4d680_0, 0, 8;
    %load/vec4 v0x600001d4d8c0_0;
    %store/vec4 v0x600001d4d710_0, 0, 8;
    %load/vec4 v0x600001d4d830_0;
    %store/vec4 v0x600001d4d7a0_0, 0, 8;
    %load/vec4 v0x600001d4d8c0_0;
    %store/vec4 v0x600001d4d950_0, 0, 8;
    %pushi/vec4 0, 0, 8;
    %store/vec4 v0x600001d4d9e0_0, 0, 8;
    %load/vec4 v0x600001d4db00_0;
    %store/vec4 v0x600001d4da70_0, 0, 8;
    %pushi/vec4 5, 0, 3;
    %store/vec4 v0x600001d4db90_0, 0, 3;
    %pushi/vec4 6, 0, 3;
    %store/vec4 v0x600001d4dc20_0, 0, 3;
    %pushi/vec4 4, 0, 3;
    %store/vec4 v0x600001d4dcb0_0, 0, 3;
    %jmp T_13.6;
T_13.5 ;
    %pushi/vec4 0, 0, 8;
    %store/vec4 v0x600001d4d0e0_0, 0, 8;
    %load/vec4 v0x600001d4d050_0;
    %store/vec4 v0x600001d4d170_0, 0, 8;
    %load/vec4 v0x600001d4d290_0;
    %store/vec4 v0x600001d4d200_0, 0, 8;
    %load/vec4 v0x600001d4d050_0;
    %store/vec4 v0x600001d4d3b0_0, 0, 8;
    %load/vec4 v0x600001d4d320_0;
    %store/vec4 v0x600001d4d440_0, 0, 8;
    %load/vec4 v0x600001d4d560_0;
    %store/vec4 v0x600001d4d4d0_0, 0, 8;
    %load/vec4 v0x600001d4d320_0;
    %store/vec4 v0x600001d4d680_0, 0, 8;
    %load/vec4 v0x600001d4d5f0_0;
    %store/vec4 v0x600001d4d710_0, 0, 8;
    %load/vec4 v0x600001d4d830_0;
    %store/vec4 v0x600001d4d7a0_0, 0, 8;
    %load/vec4 v0x600001d4d5f0_0;
    %store/vec4 v0x600001d4d950_0, 0, 8;
    %load/vec4 v0x600001d4d8c0_0;
    %store/vec4 v0x600001d4d9e0_0, 0, 8;
    %load/vec4 v0x600001d4db00_0;
    %store/vec4 v0x600001d4da70_0, 0, 8;
    %pushi/vec4 1, 0, 3;
    %store/vec4 v0x600001d4db90_0, 0, 3;
    %pushi/vec4 2, 0, 3;
    %store/vec4 v0x600001d4dc20_0, 0, 3;
    %pushi/vec4 4, 0, 3;
    %store/vec4 v0x600001d4dcb0_0, 0, 3;
T_13.6 ;
    %jmp T_13.4;
T_13.2 ;
    %pushi/vec4 0, 0, 8;
    %store/vec4 v0x600001d4d0e0_0, 0, 8;
    %pushi/vec4 0, 0, 8;
    %store/vec4 v0x600001d4d170_0, 0, 8;
    %pushi/vec4 0, 0, 8;
    %store/vec4 v0x600001d4d200_0, 0, 8;
    %load/vec4 v0x600001d4d050_0;
    %store/vec4 v0x600001d4d3b0_0, 0, 8;
    %load/vec4 v0x600001d4d320_0;
    %store/vec4 v0x600001d4d440_0, 0, 8;
    %load/vec4 v0x600001d4d290_0;
    %store/vec4 v0x600001d4d4d0_0, 0, 8;
    %load/vec4 v0x600001d4d320_0;
    %store/vec4 v0x600001d4d680_0, 0, 8;
    %load/vec4 v0x600001d4d5f0_0;
    %store/vec4 v0x600001d4d710_0, 0, 8;
    %load/vec4 v0x600001d4d560_0;
    %store/vec4 v0x600001d4d7a0_0, 0, 8;
    %load/vec4 v0x600001d4d5f0_0;
    %store/vec4 v0x600001d4d950_0, 0, 8;
    %load/vec4 v0x600001d4d8c0_0;
    %store/vec4 v0x600001d4d9e0_0, 0, 8;
    %load/vec4 v0x600001d4d830_0;
    %store/vec4 v0x600001d4da70_0, 0, 8;
    %pushi/vec4 1, 0, 3;
    %store/vec4 v0x600001d4db90_0, 0, 3;
    %pushi/vec4 2, 0, 3;
    %store/vec4 v0x600001d4dc20_0, 0, 3;
    %pushi/vec4 3, 0, 3;
    %store/vec4 v0x600001d4dcb0_0, 0, 3;
    %jmp T_13.4;
T_13.4 ;
    %pop/vec4 1;
    %jmp T_13;
    .thread T_13, $push;
    .scope S_0x128e2b6c0;
T_14 ;
    %wait E_0x600002164bd0;
    %load/vec4 v0x600001d4fd50_0;
    %load/vec4 v0x600001d4f7b0_0;
    %nor/r;
    %and;
    %flag_set/vec4 8;
    %jmp/0xz  T_14.0, 8;
    %pushi/vec4 3, 0, 2;
    %assign/vec4 v0x600001d4fb10_0, 0;
    %pushi/vec4 11, 0, 8;
    %assign/vec4 v0x600001d4f840_0, 0;
    %pushi/vec4 7, 0, 3;
    %assign/vec4 v0x600001d4fa80_0, 0;
    %pushi/vec4 7, 0, 3;
    %assign/vec4 v0x600001d4f9f0_0, 0;
    %pushi/vec4 7, 0, 3;
    %assign/vec4 v0x600001d4fc30_0, 0;
    %pushi/vec4 7, 0, 3;
    %assign/vec4 v0x600001d4fba0_0, 0;
    %pushi/vec4 0, 0, 1;
    %assign/vec4 v0x600001d4f960_0, 0;
    %pushi/vec4 1, 0, 1;
    %assign/vec4 v0x600001d4f7b0_0, 0;
    %jmp T_14.1;
T_14.0 ;
    %load/vec4 v0x600001d4fd50_0;
    %load/vec4 v0x600001d4f7b0_0;
    %and;
    %flag_set/vec4 8;
    %jmp/0xz  T_14.2, 8;
    %load/vec4 v0x600001d4fc30_0;
    %pushi/vec4 0, 0, 3;
    %cmp/e;
    %flag_get/vec4 4;
    %load/vec4 v0x600001d4fba0_0;
    %pushi/vec4 0, 0, 3;
    %cmp/e;
    %flag_get/vec4 4;
    %and;
    %flag_set/vec4 8;
    %jmp/0xz  T_14.4, 8;
    %pushi/vec4 0, 0, 2;
    %assign/vec4 v0x600001d4fb10_0, 0;
    %pushi/vec4 0, 0, 8;
    %assign/vec4 v0x600001d4f840_0, 0;
    %load/vec4 v0x600001d4f060_0;
    %parti/s 3, 0, 2;
    %assign/vec4 v0x600001d4fa80_0, 0;
    %load/vec4 v0x600001d4ef40_0;
    %parti/s 3, 0, 2;
    %assign/vec4 v0x600001d4f9f0_0, 0;
    %pushi/vec4 0, 0, 3;
    %assign/vec4 v0x600001d4fc30_0, 0;
    %pushi/vec4 0, 0, 3;
    %assign/vec4 v0x600001d4fba0_0, 0;
    %pushi/vec4 1, 0, 1;
    %assign/vec4 v0x600001d4f960_0, 0;
    %pushi/vec4 1, 0, 1;
    %assign/vec4 v0x600001d4f7b0_0, 0;
    %jmp T_14.5;
T_14.4 ;
    %load/vec4 v0x600001d4fcc0_0;
    %dup/vec4;
    %pushi/vec4 1, 0, 8;
    %cmp/u;
    %jmp/1 T_14.6, 6;
    %dup/vec4;
    %pushi/vec4 2, 0, 8;
    %cmp/u;
    %jmp/1 T_14.7, 6;
    %dup/vec4;
    %pushi/vec4 3, 0, 8;
    %cmp/u;
    %jmp/1 T_14.8, 6;
    %dup/vec4;
    %pushi/vec4 4, 0, 8;
    %cmp/u;
    %jmp/1 T_14.9, 6;
    %dup/vec4;
    %pushi/vec4 5, 0, 8;
    %cmp/u;
    %jmp/1 T_14.10, 6;
    %dup/vec4;
    %pushi/vec4 6, 0, 8;
    %cmp/u;
    %jmp/1 T_14.11, 6;
    %pushi/vec4 0, 0, 2;
    %assign/vec4 v0x600001d4fb10_0, 0;
    %pushi/vec4 0, 0, 8;
    %assign/vec4 v0x600001d4f840_0, 0;
    %load/vec4 v0x600001d4f060_0;
    %parti/s 3, 0, 2;
    %assign/vec4 v0x600001d4fa80_0, 0;
    %load/vec4 v0x600001d4ef40_0;
    %parti/s 3, 0, 2;
    %assign/vec4 v0x600001d4f9f0_0, 0;
    %load/vec4 v0x600001d4fc30_0;
    %subi 1, 0, 3;
    %assign/vec4 v0x600001d4fc30_0, 0;
    %load/vec4 v0x600001d4fba0_0;
    %subi 1, 0, 3;
    %assign/vec4 v0x600001d4fba0_0, 0;
    %pushi/vec4 1, 0, 1;
    %assign/vec4 v0x600001d4f960_0, 0;
    %pushi/vec4 1, 0, 1;
    %assign/vec4 v0x600001d4f7b0_0, 0;
    %jmp T_14.13;
T_14.6 ;
    %load/vec4 v0x600001d4fb10_0;
    %subi 1, 0, 2;
    %assign/vec4 v0x600001d4fb10_0, 0;
    %load/vec4 v0x600001d4f840_0;
    %assign/vec4 v0x600001d4f840_0, 0;
    %pushi/vec4 4, 0, 3;
    %assign/vec4 v0x600001d4fa80_0, 0;
    %load/vec4 v0x600001d4ef40_0;
    %parti/s 3, 0, 2;
    %assign/vec4 v0x600001d4f9f0_0, 0;
    %load/vec4 v0x600001d4fc30_0;
    %assign/vec4 v0x600001d4fc30_0, 0;
    %load/vec4 v0x600001d4fba0_0;
    %subi 1, 0, 3;
    %assign/vec4 v0x600001d4fba0_0, 0;
    %pushi/vec4 0, 0, 1;
    %assign/vec4 v0x600001d4f960_0, 0;
    %pushi/vec4 1, 0, 1;
    %assign/vec4 v0x600001d4f7b0_0, 0;
    %jmp T_14.13;
T_14.7 ;
    %load/vec4 v0x600001d4fb10_0;
    %assign/vec4 v0x600001d4fb10_0, 0;
    %load/vec4 v0x600001d4f840_0;
    %subi 1, 0, 8;
    %assign/vec4 v0x600001d4f840_0, 0;
    %load/vec4 v0x600001d4f060_0;
    %parti/s 3, 0, 2;
    %assign/vec4 v0x600001d4fa80_0, 0;
    %pushi/vec4 4, 0, 3;
    %assign/vec4 v0x600001d4f9f0_0, 0;
    %load/vec4 v0x600001d4fc30_0;
    %subi 1, 0, 3;
    %assign/vec4 v0x600001d4fc30_0, 0;
    %load/vec4 v0x600001d4fba0_0;
    %assign/vec4 v0x600001d4fba0_0, 0;
    %pushi/vec4 0, 0, 1;
    %assign/vec4 v0x600001d4f960_0, 0;
    %pushi/vec4 1, 0, 1;
    %assign/vec4 v0x600001d4f7b0_0, 0;
    %jmp T_14.13;
T_14.8 ;
    %load/vec4 v0x600001d4fb10_0;
    %subi 1, 0, 2;
    %assign/vec4 v0x600001d4fb10_0, 0;
    %load/vec4 v0x600001d4f840_0;
    %subi 1, 0, 8;
    %assign/vec4 v0x600001d4f840_0, 0;
    %load/vec4 v0x600001d4f060_0;
    %parti/s 3, 0, 2;
    %assign/vec4 v0x600001d4fa80_0, 0;
    %load/vec4 v0x600001d4ef40_0;
    %parti/s 3, 0, 2;
    %assign/vec4 v0x600001d4f9f0_0, 0;
    %load/vec4 v0x600001d4fc30_0;
    %subi 1, 0, 3;
    %assign/vec4 v0x600001d4fc30_0, 0;
    %load/vec4 v0x600001d4fba0_0;
    %subi 1, 0, 3;
    %assign/vec4 v0x600001d4fba0_0, 0;
    %pushi/vec4 0, 0, 1;
    %assign/vec4 v0x600001d4f960_0, 0;
    %pushi/vec4 1, 0, 1;
    %assign/vec4 v0x600001d4f7b0_0, 0;
    %jmp T_14.13;
T_14.9 ;
    %load/vec4 v0x600001d4fb10_0;
    %assign/vec4 v0x600001d4fb10_0, 0;
    %load/vec4 v0x600001d4f840_0;
    %subi 2, 0, 8;
    %assign/vec4 v0x600001d4f840_0, 0;
    %load/vec4 v0x600001d4f060_0;
    %parti/s 3, 0, 2;
    %assign/vec4 v0x600001d4fa80_0, 0;
    %load/vec4 v0x600001d4ef40_0;
    %parti/s 3, 0, 2;
    %assign/vec4 v0x600001d4f9f0_0, 0;
    %load/vec4 v0x600001d4fc30_0;
    %subi 1, 0, 3;
    %assign/vec4 v0x600001d4fc30_0, 0;
    %load/vec4 v0x600001d4fba0_0;
    %subi 1, 0, 3;
    %assign/vec4 v0x600001d4fba0_0, 0;
    %pushi/vec4 0, 0, 1;
    %assign/vec4 v0x600001d4f960_0, 0;
    %pushi/vec4 1, 0, 1;
    %assign/vec4 v0x600001d4f7b0_0, 0;
    %jmp T_14.13;
T_14.10 ;
    %load/vec4 v0x600001d4fb10_0;
    %assign/vec4 v0x600001d4fb10_0, 0;
    %load/vec4 v0x600001d4f840_0;
    %subi 1, 0, 8;
    %assign/vec4 v0x600001d4f840_0, 0;
    %pushi/vec4 4, 0, 3;
    %assign/vec4 v0x600001d4fa80_0, 0;
    %load/vec4 v0x600001d4ef40_0;
    %parti/s 3, 0, 2;
    %assign/vec4 v0x600001d4f9f0_0, 0;
    %load/vec4 v0x600001d4fc30_0;
    %assign/vec4 v0x600001d4fc30_0, 0;
    %load/vec4 v0x600001d4fba0_0;
    %subi 1, 0, 3;
    %assign/vec4 v0x600001d4fba0_0, 0;
    %pushi/vec4 0, 0, 1;
    %assign/vec4 v0x600001d4f960_0, 0;
    %pushi/vec4 1, 0, 1;
    %assign/vec4 v0x600001d4f7b0_0, 0;
    %jmp T_14.13;
T_14.11 ;
    %load/vec4 v0x600001d4fb10_0;
    %addi 1, 0, 2;
    %assign/vec4 v0x600001d4fb10_0, 0;
    %load/vec4 v0x600001d4f840_0;
    %subi 2, 0, 8;
    %assign/vec4 v0x600001d4f840_0, 0;
    %load/vec4 v0x600001d4f060_0;
    %parti/s 3, 0, 2;
    %assign/vec4 v0x600001d4fa80_0, 0;
    %pushi/vec4 4, 0, 3;
    %assign/vec4 v0x600001d4f9f0_0, 0;
    %load/vec4 v0x600001d4fc30_0;
    %subi 1, 0, 3;
    %assign/vec4 v0x600001d4fc30_0, 0;
    %load/vec4 v0x600001d4fba0_0;
    %assign/vec4 v0x600001d4fba0_0, 0;
    %pushi/vec4 0, 0, 1;
    %assign/vec4 v0x600001d4f960_0, 0;
    %pushi/vec4 1, 0, 1;
    %assign/vec4 v0x600001d4f7b0_0, 0;
    %jmp T_14.13;
T_14.13 ;
    %pop/vec4 1;
T_14.5 ;
    %jmp T_14.3;
T_14.2 ;
    %pushi/vec4 3, 0, 2;
    %assign/vec4 v0x600001d4fb10_0, 0;
    %pushi/vec4 11, 0, 8;
    %assign/vec4 v0x600001d4f840_0, 0;
    %pushi/vec4 7, 0, 3;
    %assign/vec4 v0x600001d4fa80_0, 0;
    %pushi/vec4 7, 0, 3;
    %assign/vec4 v0x600001d4f9f0_0, 0;
    %pushi/vec4 7, 0, 3;
    %assign/vec4 v0x600001d4fc30_0, 0;
    %pushi/vec4 7, 0, 3;
    %assign/vec4 v0x600001d4fba0_0, 0;
    %pushi/vec4 0, 0, 1;
    %assign/vec4 v0x600001d4f960_0, 0;
    %pushi/vec4 0, 0, 1;
    %assign/vec4 v0x600001d4f7b0_0, 0;
T_14.3 ;
T_14.1 ;
    %jmp T_14;
    .thread T_14;
    .scope S_0x128e2b0b0;
T_15 ;
    %pushi/vec4 0, 0, 8;
    %store/vec4 v0x600001d503f0_0, 0, 8;
    %pushi/vec4 0, 0, 5;
    %store/vec4 v0x600001d50480_0, 0, 5;
    %pushi/vec4 0, 0, 5;
    %store/vec4 v0x600001d50510_0, 0, 5;
    %end;
    .thread T_15;
    .scope S_0x128e2b0b0;
T_16 ;
    %wait E_0x600002164bd0;
    %load/vec4 v0x600001d513b0_0;
    %flag_set/vec4 8;
    %jmp/0xz  T_16.0, 8;
    %pushi/vec4 0, 0, 8;
    %assign/vec4 v0x600001d503f0_0, 0;
    %pushi/vec4 0, 0, 3;
    %assign/vec4 v0x600001d50900_0, 0;
    %pushi/vec4 0, 0, 1;
    %assign/vec4 v0x600001d50750_0, 0;
    %pushi/vec4 0, 0, 3;
    %assign/vec4 v0x600001d50990_0, 0;
    %pushi/vec4 0, 0, 1;
    %assign/vec4 v0x600001d507e0_0, 0;
    %pushi/vec4 1, 0, 1;
    %assign/vec4 v0x600001d506c0_0, 0;
    %pushi/vec4 0, 0, 1;
    %assign/vec4 v0x600001d50630_0, 0;
    %pushi/vec4 1, 0, 1;
    %assign/vec4 v0x600001d51320_0, 0;
    %pushi/vec4 0, 0, 8;
    %assign/vec4 v0x600001d503f0_0, 0;
    %pushi/vec4 0, 0, 5;
    %assign/vec4 v0x600001d50480_0, 0;
    %pushi/vec4 0, 0, 5;
    %assign/vec4 v0x600001d50510_0, 0;
    %pushi/vec4 0, 0, 1;
    %assign/vec4 v0x600001d50f30_0, 0;
    %pushi/vec4 0, 0, 1;
    %assign/vec4 v0x600001d51440_0, 0;
    %jmp T_16.1;
T_16.0 ;
    %load/vec4 v0x600001d50480_0;
    %pad/u 32;
    %cmpi/u 11, 0, 32;
    %jmp/0xz  T_16.2, 5;
    %load/vec4 v0x600001d50000_0;
    %parti/s 3, 21, 6;
    %assign/vec4 v0x600001d50900_0, 0;
    %pushi/vec4 1, 0, 1;
    %assign/vec4 v0x600001d50750_0, 0;
    %pushi/vec4 0, 0, 1;
    %assign/vec4 v0x600001d51320_0, 0;
    %pushi/vec4 0, 0, 3;
    %assign/vec4 v0x600001d50990_0, 0;
    %pushi/vec4 0, 0, 1;
    %assign/vec4 v0x600001d507e0_0, 0;
    %pushi/vec4 1, 0, 1;
    %assign/vec4 v0x600001d506c0_0, 0;
    %pushi/vec4 0, 0, 1;
    %assign/vec4 v0x600001d50630_0, 0;
    %load/vec4 v0x600001d503f0_0;
    %assign/vec4 v0x600001d503f0_0, 0;
    %load/vec4 v0x600001d50480_0;
    %addi 3, 0, 5;
    %assign/vec4 v0x600001d50480_0, 0;
    %load/vec4 v0x600001d50510_0;
    %assign/vec4 v0x600001d50510_0, 0;
    %pushi/vec4 1, 0, 1;
    %assign/vec4 v0x600001d50f30_0, 0;
    %pushi/vec4 0, 0, 1;
    %assign/vec4 v0x600001d51440_0, 0;
    %jmp T_16.3;
T_16.2 ;
    %load/vec4 v0x600001d503f0_0;
    %pad/u 32;
    %cmpi/u 4, 0, 32;
    %jmp/0xz  T_16.4, 5;
    %pushi/vec4 0, 0, 3;
    %assign/vec4 v0x600001d50900_0, 0;
    %pushi/vec4 0, 0, 1;
    %assign/vec4 v0x600001d50750_0, 0;
    %pushi/vec4 0, 0, 1;
    %assign/vec4 v0x600001d51320_0, 0;
    %load/vec4 v0x600001d50240_0;
    %parti/s 3, 21, 6;
    %assign/vec4 v0x600001d50990_0, 0;
    %pushi/vec4 1, 0, 1;
    %assign/vec4 v0x600001d507e0_0, 0;
    %pushi/vec4 1, 0, 1;
    %assign/vec4 v0x600001d506c0_0, 0;
    %pushi/vec4 0, 0, 1;
    %assign/vec4 v0x600001d50630_0, 0;
    %load/vec4 v0x600001d503f0_0;
    %addi 1, 0, 8;
    %assign/vec4 v0x600001d503f0_0, 0;
    %load/vec4 v0x600001d50480_0;
    %assign/vec4 v0x600001d50480_0, 0;
    %load/vec4 v0x600001d50510_0;
    %addi 3, 0, 5;
    %assign/vec4 v0x600001d50510_0, 0;
    %pushi/vec4 1, 0, 1;
    %assign/vec4 v0x600001d50f30_0, 0;
    %pushi/vec4 0, 0, 1;
    %assign/vec4 v0x600001d51440_0, 0;
    %jmp T_16.5;
T_16.4 ;
    %load/vec4 v0x600001d503f0_0;
    %pad/u 32;
    %cmpi/u 12, 0, 32;
    %jmp/0xz  T_16.6, 5;
    %load/vec4 v0x600001d503f0_0;
    %pad/u 32;
    %pushi/vec4 2, 0, 32;
    %mod;
    %cmpi/e 0, 0, 32;
    %jmp/0xz  T_16.8, 4;
    %load/vec4 v0x600001d50000_0;
    %parti/s 3, 21, 6;
    %assign/vec4 v0x600001d50900_0, 0;
    %pushi/vec4 1, 0, 1;
    %assign/vec4 v0x600001d50750_0, 0;
    %pushi/vec4 0, 0, 1;
    %assign/vec4 v0x600001d51320_0, 0;
    %pushi/vec4 0, 0, 3;
    %assign/vec4 v0x600001d50990_0, 0;
    %pushi/vec4 0, 0, 1;
    %assign/vec4 v0x600001d507e0_0, 0;
    %pushi/vec4 1, 0, 1;
    %assign/vec4 v0x600001d506c0_0, 0;
    %pushi/vec4 0, 0, 1;
    %assign/vec4 v0x600001d50630_0, 0;
    %load/vec4 v0x600001d503f0_0;
    %addi 1, 0, 8;
    %assign/vec4 v0x600001d503f0_0, 0;
    %load/vec4 v0x600001d50480_0;
    %addi 3, 0, 5;
    %assign/vec4 v0x600001d50480_0, 0;
    %load/vec4 v0x600001d50510_0;
    %assign/vec4 v0x600001d50510_0, 0;
    %pushi/vec4 1, 0, 1;
    %assign/vec4 v0x600001d50f30_0, 0;
    %pushi/vec4 0, 0, 1;
    %assign/vec4 v0x600001d51440_0, 0;
    %jmp T_16.9;
T_16.8 ;
    %pushi/vec4 0, 0, 3;
    %assign/vec4 v0x600001d50900_0, 0;
    %pushi/vec4 0, 0, 1;
    %assign/vec4 v0x600001d50750_0, 0;
    %pushi/vec4 0, 0, 1;
    %assign/vec4 v0x600001d51320_0, 0;
    %load/vec4 v0x600001d50240_0;
    %parti/s 3, 21, 6;
    %assign/vec4 v0x600001d50990_0, 0;
    %pushi/vec4 1, 0, 1;
    %assign/vec4 v0x600001d507e0_0, 0;
    %pushi/vec4 1, 0, 1;
    %assign/vec4 v0x600001d506c0_0, 0;
    %pushi/vec4 0, 0, 1;
    %assign/vec4 v0x600001d50630_0, 0;
    %load/vec4 v0x600001d503f0_0;
    %addi 1, 0, 8;
    %assign/vec4 v0x600001d503f0_0, 0;
    %load/vec4 v0x600001d50480_0;
    %assign/vec4 v0x600001d50480_0, 0;
    %load/vec4 v0x600001d50510_0;
    %addi 3, 0, 5;
    %assign/vec4 v0x600001d50510_0, 0;
    %pushi/vec4 1, 0, 1;
    %assign/vec4 v0x600001d50f30_0, 0;
    %pushi/vec4 0, 0, 1;
    %assign/vec4 v0x600001d51440_0, 0;
T_16.9 ;
    %jmp T_16.7;
T_16.6 ;
    %load/vec4 v0x600001d503f0_0;
    %pad/u 32;
    %cmpi/u 15, 0, 32;
    %flag_or 5, 4;
    %jmp/0xz  T_16.10, 5;
    %pushi/vec4 0, 0, 3;
    %assign/vec4 v0x600001d50900_0, 0;
    %pushi/vec4 0, 0, 1;
    %assign/vec4 v0x600001d50750_0, 0;
    %pushi/vec4 0, 0, 1;
    %assign/vec4 v0x600001d51320_0, 0;
    %pushi/vec4 0, 0, 3;
    %assign/vec4 v0x600001d50990_0, 0;
    %pushi/vec4 1, 0, 1;
    %assign/vec4 v0x600001d507e0_0, 0;
    %pushi/vec4 1, 0, 1;
    %assign/vec4 v0x600001d506c0_0, 0;
    %pushi/vec4 0, 0, 1;
    %assign/vec4 v0x600001d50630_0, 0;
    %load/vec4 v0x600001d503f0_0;
    %addi 1, 0, 8;
    %assign/vec4 v0x600001d503f0_0, 0;
    %load/vec4 v0x600001d50480_0;
    %assign/vec4 v0x600001d50480_0, 0;
    %load/vec4 v0x600001d50510_0;
    %assign/vec4 v0x600001d50510_0, 0;
    %pushi/vec4 1, 0, 1;
    %assign/vec4 v0x600001d50f30_0, 0;
    %pushi/vec4 0, 0, 1;
    %assign/vec4 v0x600001d51440_0, 0;
    %jmp T_16.11;
T_16.10 ;
    %pushi/vec4 0, 0, 3;
    %assign/vec4 v0x600001d50900_0, 0;
    %pushi/vec4 0, 0, 1;
    %assign/vec4 v0x600001d50750_0, 0;
    %pushi/vec4 0, 0, 3;
    %assign/vec4 v0x600001d50990_0, 0;
    %pushi/vec4 0, 0, 1;
    %assign/vec4 v0x600001d507e0_0, 0;
    %pushi/vec4 1, 0, 1;
    %assign/vec4 v0x600001d506c0_0, 0;
    %pushi/vec4 0, 0, 1;
    %assign/vec4 v0x600001d50630_0, 0;
    %pushi/vec4 1, 0, 1;
    %assign/vec4 v0x600001d51320_0, 0;
    %load/vec4 v0x600001d503f0_0;
    %assign/vec4 v0x600001d503f0_0, 0;
    %load/vec4 v0x600001d50480_0;
    %assign/vec4 v0x600001d50480_0, 0;
    %load/vec4 v0x600001d50510_0;
    %assign/vec4 v0x600001d50510_0, 0;
    %pushi/vec4 0, 0, 1;
    %assign/vec4 v0x600001d50f30_0, 0;
    %pushi/vec4 1, 0, 1;
    %assign/vec4 v0x600001d51440_0, 0;
T_16.11 ;
T_16.7 ;
T_16.5 ;
T_16.3 ;
T_16.1 ;
    %jmp T_16;
    .thread T_16;
    .scope S_0x128e2b0b0;
T_17 ;
    %wait E_0x600002164bd0;
    %pushi/vec4 2, 0, 32;
    %load/vec4 v0x600001d503f0_0;
    %pad/u 32;
    %cmp/u;
    %flag_get/vec4 4;
    %flag_get/vec4 5;
    %or;
    %load/vec4 v0x600001d503f0_0;
    %pad/u 32;
    %cmpi/u 14, 0, 32;
    %flag_get/vec4 5;
    %and;
    %flag_set/vec4 8;
    %jmp/0xz  T_17.0, 8;
    %load/vec4 v0x600001d50f30_0;
    %flag_set/vec4 8;
    %jmp/0xz  T_17.2, 8;
    %load/vec4 v0x600001d50a20_0;
    %parti/s 3, 0, 2;
    %pad/u 8;
    %load/vec4 v0x600001d503f0_0;
    %pad/u 33;
    %subi 2, 0, 33;
    %ix/vec4 3;
    %ix/load 4, 0, 0; Constant delay
    %assign/vec4/a/d v0x600001d50ab0, 0, 4;
T_17.2 ;
T_17.0 ;
    %pushi/vec4 3, 0, 32;
    %load/vec4 v0x600001d503f0_0;
    %pad/u 32;
    %cmp/u;
    %flag_get/vec4 4;
    %flag_get/vec4 5;
    %or;
    %load/vec4 v0x600001d503f0_0;
    %pad/u 32;
    %cmpi/u 15, 0, 32;
    %flag_get/vec4 5;
    %and;
    %flag_set/vec4 8;
    %jmp/0xz  T_17.4, 8;
    %load/vec4 v0x600001d50f30_0;
    %flag_set/vec4 8;
    %jmp/0xz  T_17.6, 8;
    %load/vec4 v0x600001d50a20_0;
    %parti/s 3, 3, 3;
    %pad/u 8;
    %load/vec4 v0x600001d503f0_0;
    %pad/u 33;
    %subi 3, 0, 33;
    %ix/vec4 3;
    %ix/load 4, 0, 0; Constant delay
    %assign/vec4/a/d v0x600001d50b40, 0, 4;
T_17.6 ;
T_17.4 ;
    %pushi/vec4 4, 0, 32;
    %load/vec4 v0x600001d503f0_0;
    %pad/u 32;
    %cmp/u;
    %flag_get/vec4 4;
    %flag_get/vec4 5;
    %or;
    %load/vec4 v0x600001d503f0_0;
    %pad/u 32;
    %cmpi/u 16, 0, 32;
    %flag_get/vec4 5;
    %and;
    %flag_set/vec4 8;
    %jmp/0xz  T_17.8, 8;
    %load/vec4 v0x600001d50f30_0;
    %flag_set/vec4 8;
    %jmp/0xz  T_17.10, 8;
    %load/vec4 v0x600001d50a20_0;
    %parti/s 3, 6, 4;
    %pad/u 8;
    %load/vec4 v0x600001d503f0_0;
    %pad/u 33;
    %subi 4, 0, 33;
    %ix/vec4 3;
    %ix/load 4, 0, 0; Constant delay
    %assign/vec4/a/d v0x600001d50bd0, 0, 4;
T_17.10 ;
T_17.8 ;
    %pushi/vec4 5, 0, 32;
    %load/vec4 v0x600001d503f0_0;
    %pad/u 32;
    %cmp/u;
    %flag_get/vec4 4;
    %flag_get/vec4 5;
    %or;
    %load/vec4 v0x600001d503f0_0;
    %pad/u 32;
    %cmpi/u 17, 0, 32;
    %flag_get/vec4 5;
    %and;
    %flag_set/vec4 8;
    %jmp/0xz  T_17.12, 8;
    %load/vec4 v0x600001d50f30_0;
    %flag_set/vec4 8;
    %jmp/0xz  T_17.14, 8;
    %load/vec4 v0x600001d50a20_0;
    %parti/s 3, 9, 5;
    %pad/u 8;
    %load/vec4 v0x600001d503f0_0;
    %pad/u 33;
    %subi 5, 0, 33;
    %ix/vec4 3;
    %ix/load 4, 0, 0; Constant delay
    %assign/vec4/a/d v0x600001d50c60, 0, 4;
T_17.14 ;
T_17.12 ;
    %jmp T_17;
    .thread T_17;
    .scope S_0x128e2b0b0;
T_18 ;
    %wait E_0x6000021647b0;
    %load/vec4 v0x600001d51200_0;
    %dup/vec4;
    %pushi/vec4 0, 0, 2;
    %cmp/u;
    %jmp/1 T_18.0, 6;
    %dup/vec4;
    %pushi/vec4 1, 0, 2;
    %cmp/u;
    %jmp/1 T_18.1, 6;
    %dup/vec4;
    %pushi/vec4 2, 0, 2;
    %cmp/u;
    %jmp/1 T_18.2, 6;
    %dup/vec4;
    %pushi/vec4 3, 0, 2;
    %cmp/u;
    %jmp/1 T_18.3, 6;
    %ix/getv 4, v0x600001d51170_0;
    %load/vec4a v0x600001d50c60, 4;
    %store/vec4 v0x600001d51290_0, 0, 8;
    %jmp T_18.5;
T_18.0 ;
    %ix/getv 4, v0x600001d51170_0;
    %load/vec4a v0x600001d50ab0, 4;
    %store/vec4 v0x600001d51290_0, 0, 8;
    %jmp T_18.5;
T_18.1 ;
    %ix/getv 4, v0x600001d51170_0;
    %load/vec4a v0x600001d50b40, 4;
    %store/vec4 v0x600001d51290_0, 0, 8;
    %jmp T_18.5;
T_18.2 ;
    %ix/getv 4, v0x600001d51170_0;
    %load/vec4a v0x600001d50bd0, 4;
    %store/vec4 v0x600001d51290_0, 0, 8;
    %jmp T_18.5;
T_18.3 ;
    %ix/getv 4, v0x600001d51170_0;
    %load/vec4a v0x600001d50c60, 4;
    %store/vec4 v0x600001d51290_0, 0, 8;
    %jmp T_18.5;
T_18.5 ;
    %pop/vec4 1;
    %jmp T_18;
    .thread T_18, $push;
    .scope S_0x128e2b0b0;
T_19 ;
    %wait E_0x600002164bd0;
    %load/vec4 v0x600001d50870_0;
    %flag_set/vec4 8;
    %jmp/0xz  T_19.0, 8;
    %pushi/vec4 1, 0, 1;
    %assign/vec4 v0x600001d514d0_0, 0;
    %jmp T_19.1;
T_19.0 ;
    %pushi/vec4 0, 0, 1;
    %assign/vec4 v0x600001d514d0_0, 0;
T_19.1 ;
    %jmp T_19;
    .thread T_19;
    .scope S_0x128e2b0b0;
T_20 ;
    %wait E_0x600002164bd0;
    %load/vec4 v0x600001d51440_0;
    %load/vec4 v0x600001d50870_0;
    %nor/r;
    %and;
    %pushi/vec4 6, 0, 32;
    %load/vec4 v0x600001d505a0_0;
    %pad/u 32;
    %cmp/u;
    %flag_get/vec4 4;
    %flag_get/vec4 5;
    %or;
    %and;
    %flag_set/vec4 8;
    %jmp/0xz  T_20.0, 8;
    %load/vec4 v0x600001d51050_0;
    %parti/s 1, 0, 2;
    %ix/load 5, 0, 0;
    %load/vec4 v0x600001d505a0_0;
    %pad/u 32;
    %subi 6, 0, 32;
    %ix/vec4 4;
    %assign/vec4/off/d v0x600001d501b0_0, 4, 5;
    %load/vec4 v0x600001d51050_0;
    %parti/s 1, 1, 2;
    %ix/load 5, 0, 0;
    %load/vec4 v0x600001d505a0_0;
    %pad/u 32;
    %subi 5, 0, 32;
    %ix/vec4 4;
    %assign/vec4/off/d v0x600001d501b0_0, 4, 5;
    %load/vec4 v0x600001d51050_0;
    %parti/s 1, 2, 3;
    %ix/load 5, 0, 0;
    %load/vec4 v0x600001d505a0_0;
    %pad/u 32;
    %subi 4, 0, 32;
    %ix/vec4 4;
    %assign/vec4/off/d v0x600001d501b0_0, 4, 5;
    %load/vec4 v0x600001d50fc0_0;
    %parti/s 1, 0, 2;
    %ix/load 5, 0, 0;
    %load/vec4 v0x600001d505a0_0;
    %pad/u 32;
    %subi 6, 0, 32;
    %ix/vec4 4;
    %assign/vec4/off/d v0x600001d4ff00_0, 4, 5;
    %load/vec4 v0x600001d50fc0_0;
    %parti/s 1, 1, 2;
    %ix/load 5, 0, 0;
    %load/vec4 v0x600001d505a0_0;
    %pad/u 32;
    %subi 5, 0, 32;
    %ix/vec4 4;
    %assign/vec4/off/d v0x600001d4ff00_0, 4, 5;
    %load/vec4 v0x600001d50fc0_0;
    %parti/s 1, 2, 3;
    %ix/load 5, 0, 0;
    %load/vec4 v0x600001d505a0_0;
    %pad/u 32;
    %subi 4, 0, 32;
    %ix/vec4 4;
    %assign/vec4/off/d v0x600001d4ff00_0, 4, 5;
    %load/vec4 v0x600001d505a0_0;
    %addi 3, 0, 8;
    %assign/vec4 v0x600001d505a0_0, 0;
    %jmp T_20.1;
T_20.0 ;
    %load/vec4 v0x600001d51440_0;
    %load/vec4 v0x600001d50870_0;
    %nor/r;
    %and;
    %flag_set/vec4 8;
    %jmp/0xz  T_20.2, 8;
    %load/vec4 v0x600001d505a0_0;
    %addi 3, 0, 8;
    %assign/vec4 v0x600001d505a0_0, 0;
    %jmp T_20.3;
T_20.2 ;
    %pushi/vec4 0, 0, 8;
    %assign/vec4 v0x600001d505a0_0, 0;
T_20.3 ;
T_20.1 ;
    %jmp T_20;
    .thread T_20;
    .scope S_0x128e2cbf0;
T_21 ;
    %vpi_call 8 15 "$readmemh", "xdata.mem", v0x600001d51560 {0 0 0};
    %end;
    .thread T_21;
    .scope S_0x128e23540;
T_22 ;
    %vpi_call 2 15 "$dumpfile", "test.vcd" {0 0 0};
    %vpi_call 2 16 "$dumpvars" {0 0 0};
    %end;
    .thread T_22;
    .scope S_0x128e23540;
T_23 ;
    %delay 5, 0;
    %load/vec4 v0x600001d51950_0;
    %inv;
    %store/vec4 v0x600001d51950_0, 0, 1;
    %jmp T_23;
    .thread T_23;
    .scope S_0x128e23540;
T_24 ;
    %vpi_call 2 63 "$display", "RUNNING TEST" {0 0 0};
    %pushi/vec4 0, 0, 1;
    %store/vec4 v0x600001d51950_0, 0, 1;
    %pushi/vec4 0, 0, 1;
    %store/vec4 v0x600001d51d40_0, 0, 1;
    %delay 3, 0;
    %pushi/vec4 1, 0, 1;
    %store/vec4 v0x600001d51d40_0, 0, 1;
    %delay 6, 0;
    %pushi/vec4 0, 0, 1;
    %store/vec4 v0x600001d51d40_0, 0, 1;
    %wait E_0x600002164bd0;
    %pushi/vec4 0, 0, 32;
    %store/vec4 v0x600001d519e0_0, 0, 32;
T_24.0 ;
    %load/vec4 v0x600001d519e0_0;
    %cmpi/s 1000, 0, 32;
    %jmp/0xz T_24.1, 5;
    %wait E_0x600002164bd0;
    %load/vec4 v0x600001d519e0_0;
    %addi 1, 0, 32;
    %store/vec4 v0x600001d519e0_0, 0, 32;
    %jmp T_24.0;
T_24.1 ;
    %load/vec4 v0x600001d518c0_0;
    %load/vec4 v0x600001d517a0_0;
    %vpi_call 2 76 "$display", "Aligned Sequences-1 - %b , %b", S<1,vec4,s30>, S<0,vec4,s30> {2 0 0};
    %vpi_call 2 77 "$display", "Traceback_memory-1" {0 0 0};
    %vpi_call 2 78 "$display", "%h ", v0x600001d51a70_0 {0 0 0};
    %vpi_call 2 79 "$display", "Traceback_memory-2" {0 0 0};
    %vpi_call 2 80 "$display", "%h ", v0x600001d51b00_0 {0 0 0};
    %vpi_call 2 81 "$display", "Traceback_memory-3" {0 0 0};
    %vpi_call 2 82 "$display", "%h ", v0x600001d51b90_0 {0 0 0};
    %vpi_call 2 83 "$display", "Traceback_memory-4" {0 0 0};
    %vpi_call 2 84 "$display", "%h ", v0x600001d51c20_0 {0 0 0};
    %vpi_call 2 95 "$finish" {0 0 0};
    %end;
    .thread T_24;
# The file index is used to find the file name in the following table.
:file_names 9;
    "N/A";
    "<interactive>";
    "accelerator_tb.v";
    "BandedSWAccelerator.v";
    "pe_top.v";
    "pe_unit.v";
    "shift_reg.v";
    "tbmodule.v";
    "xmem.v";
